Flow report for DE10_NANO_SoC_GHRD
Thu Feb 26 00:38:37 2026
Quartus Prime Version 25.1std.0 Build 1129 10/21/2025 SC Lite Edition


---------------------
; Table of Contents ;
---------------------
  1. Legal Notice
  2. Flow Summary
  3. Flow Settings
  4. Flow Non-Default Global Settings
  5. Flow Elapsed Time
  6. Flow OS Summary
  7. Flow Log
  8. Flow Messages
  9. Flow Suppressed Messages



----------------
; Legal Notice ;
----------------
Copyright (C) 2025  Altera Corporation. All rights reserved.
Your use of Altera Corporation's design tools, logic functions 
and other software and tools, and any partner logic 
functions, and any output files from any of the foregoing 
(including device programming or simulation files), and any 
associated documentation or information are expressly subject 
to the terms and conditions of the Altera Program License 
Subscription Agreement, the Altera Quartus Prime License Agreement,
the Altera IP License Agreement, or other applicable license
agreement, including, without limitation, that your use is for
the sole purpose of programming logic devices manufactured by
Altera and sold by Altera or its authorized distributors.  Please
refer to the Altera Software License Subscription Agreements 
on the Quartus Prime software download page.



+-----------------------------------------------------------------------------------+
; Flow Summary                                                                      ;
+---------------------------------+-------------------------------------------------+
; Flow Status                     ; Successful - Thu Feb 26 00:38:14 2026           ;
; Quartus Prime Version           ; 25.1std.0 Build 1129 10/21/2025 SC Lite Edition ;
; Revision Name                   ; DE10_NANO_SoC_GHRD                              ;
; Top-level Entity Name           ; DE10_NANO_SoC_GHRD                              ;
; Family                          ; Cyclone V                                       ;
; Device                          ; 5CSEBA6U23I7                                    ;
; Timing Models                   ; Final                                           ;
; Logic utilization (in ALMs)     ; 20 / 41,910 ( < 1 % )                           ;
; Total registers                 ; 254                                             ;
; Total pins                      ; 83 / 314 ( 26 % )                               ;
; Total virtual pins              ; 0                                               ;
; Total block memory bits         ; 0 / 5,662,720 ( 0 % )                           ;
; Total DSP Blocks                ; 0 / 112 ( 0 % )                                 ;
; Total HSSI RX PCSs              ; 0                                               ;
; Total HSSI PMA RX Deserializers ; 0                                               ;
; Total HSSI TX PCSs              ; 0                                               ;
; Total HSSI PMA TX Serializers   ; 0                                               ;
; Total PLLs                      ; 0 / 6 ( 0 % )                                   ;
; Total DLLs                      ; 1 / 4 ( 25 % )                                  ;
+---------------------------------+-------------------------------------------------+


+-----------------------------------------+
; Flow Settings                           ;
+-------------------+---------------------+
; Option            ; Setting             ;
+-------------------+---------------------+
; Start date & time ; 02/26/2026 00:34:09 ;
; Main task         ; Compilation         ;
; Revision Name     ; DE10_NANO_SoC_GHRD  ;
+-------------------+---------------------+


+------------------------------------------------------------------------------------------------------------------------------------------------------------------------------------------------+
; Flow Non-Default Global Settings                                                                                                                                                               ;
+---------------------------------------+------------------------------------------------------------------------------------------+---------------+--------------------------------+------------+
; Assignment Name                       ; Value                                                                                    ; Default Value ; Entity Name                    ; Section Id ;
+---------------------------------------+------------------------------------------------------------------------------------------+---------------+--------------------------------+------------+
; COMPILER_SIGNATURE_ID                 ; 24249927614803.177208764917544                                                           ; --            ; --                             ; --         ;
; ECO_REGENERATE_REPORT                 ; On                                                                                       ; Off           ; --                             ; --         ;
; HPS_ISW_FILE                          ; soc_system/synthesis/submodules/sequencer/alt_types.pre.h                                ; --            ; soc_system_hps_0_hps_io_border ; --         ;
; HPS_ISW_FILE                          ; soc_system/synthesis/submodules/sequencer/emif.pre.xml                                   ; --            ; soc_system_hps_0_hps_io_border ; --         ;
; HPS_ISW_FILE                          ; soc_system/synthesis/submodules/sequencer/sdram_io.pre.h                                 ; --            ; soc_system_hps_0_hps_io_border ; --         ;
; HPS_ISW_FILE                          ; soc_system/synthesis/submodules/sequencer/sequencer.pre.c                                ; --            ; soc_system_hps_0_hps_io_border ; --         ;
; HPS_ISW_FILE                          ; soc_system/synthesis/submodules/sequencer/sequencer.pre.h                                ; --            ; soc_system_hps_0_hps_io_border ; --         ;
; HPS_ISW_FILE                          ; soc_system/synthesis/submodules/sequencer/sequencer_auto.pre.h                           ; --            ; soc_system_hps_0_hps_io_border ; --         ;
; HPS_ISW_FILE                          ; soc_system/synthesis/submodules/sequencer/sequencer_auto_ac_init.pre.c                   ; --            ; soc_system_hps_0_hps_io_border ; --         ;
; HPS_ISW_FILE                          ; soc_system/synthesis/submodules/sequencer/sequencer_auto_inst_init.pre.c                 ; --            ; soc_system_hps_0_hps_io_border ; --         ;
; HPS_ISW_FILE                          ; soc_system/synthesis/submodules/sequencer/sequencer_defines.pre.h                        ; --            ; soc_system_hps_0_hps_io_border ; --         ;
; HPS_ISW_FILE                          ; soc_system/synthesis/submodules/sequencer/system.pre.h                                   ; --            ; soc_system_hps_0_hps_io_border ; --         ;
; HPS_ISW_FILE                          ; soc_system/synthesis/submodules/sequencer/tclrpt.pre.c                                   ; --            ; soc_system_hps_0_hps_io_border ; --         ;
; HPS_ISW_FILE                          ; soc_system/synthesis/submodules/sequencer/tclrpt.pre.h                                   ; --            ; soc_system_hps_0_hps_io_border ; --         ;
; HPS_ISW_FILE                          ; soc_system/synthesis/submodules/hps.pre.xml                                              ; --            ; soc_system_hps_0_hps_io_border ; --         ;
; HPS_PARTITION                         ; On                                                                                       ; --            ; soc_system_hps_0_hps_io_border ; --         ;
; MAX_CORE_JUNCTION_TEMP                ; 100                                                                                      ; --            ; --                             ; --         ;
; MIN_CORE_JUNCTION_TEMP                ; -40                                                                                      ; --            ; --                             ; --         ;
; MISC_FILE                             ; soc_system/simulation/../../soc_system.qsys                                              ; --            ; --                             ; --         ;
; MISC_FILE                             ; soc_system/simulation/soc_system.v                                                       ; --            ; --                             ; --         ;
; MISC_FILE                             ; soc_system/simulation/submodules/altera_reset_controller.v                               ; --            ; --                             ; --         ;
; MISC_FILE                             ; soc_system/simulation/submodules/altera_reset_synchronizer.v                             ; --            ; --                             ; --         ;
; MISC_FILE                             ; soc_system/simulation/submodules/altera_reset_controller.sdc                             ; --            ; --                             ; --         ;
; MISC_FILE                             ; soc_system/simulation/submodules/soc_system_irq_mapper_002.sv                            ; --            ; --                             ; --         ;
; MISC_FILE                             ; soc_system/simulation/submodules/soc_system_irq_mapper_001.sv                            ; --            ; --                             ; --         ;
; MISC_FILE                             ; soc_system/simulation/submodules/soc_system_irq_mapper.sv                                ; --            ; --                             ; --         ;
; MISC_FILE                             ; soc_system/simulation/submodules/soc_system_mm_interconnect_3.v                          ; --            ; --                             ; --         ;
; MISC_FILE                             ; soc_system/simulation/submodules/altera_avalon_sc_fifo.v                                 ; --            ; --                             ; --         ;
; MISC_FILE                             ; soc_system/simulation/submodules/soc_system_mm_interconnect_2.v                          ; --            ; --                             ; --         ;
; MISC_FILE                             ; soc_system/simulation/submodules/soc_system_mm_interconnect_1.v                          ; --            ; --                             ; --         ;
; MISC_FILE                             ; soc_system/simulation/submodules/soc_system_mm_interconnect_0.v                          ; --            ; --                             ; --         ;
; MISC_FILE                             ; soc_system/simulation/submodules/soc_system_sysid_qsys.v                                 ; --            ; --                             ; --         ;
; MISC_FILE                             ; soc_system/simulation/submodules/altera_avalon_mm_bridge.v                               ; --            ; --                             ; --         ;
; MISC_FILE                             ; soc_system/simulation/submodules/soc_system_led_pio.v                                    ; --            ; --                             ; --         ;
; MISC_FILE                             ; soc_system/simulation/submodules/altera_avalon_jtag_uart.sv                              ; --            ; --                             ; --         ;
; MISC_FILE                             ; soc_system/simulation/submodules/altera_avalon_jtag_uart_log_module.sv                   ; --            ; --                             ; --         ;
; MISC_FILE                             ; soc_system/simulation/submodules/altera_avalon_jtag_uart_scfifo_r.sv                     ; --            ; --                             ; --         ;
; MISC_FILE                             ; soc_system/simulation/submodules/altera_avalon_jtag_uart_scfifo_w.sv                     ; --            ; --                             ; --         ;
; MISC_FILE                             ; soc_system/simulation/submodules/altera_avalon_jtag_uart_sim_scfifo_r.sv                 ; --            ; --                             ; --         ;
; MISC_FILE                             ; soc_system/simulation/submodules/altera_avalon_jtag_uart_sim_scfifo_w.sv                 ; --            ; --                             ; --         ;
; MISC_FILE                             ; soc_system/simulation/submodules/soc_system_hps_0.v                                      ; --            ; --                             ; --         ;
; MISC_FILE                             ; soc_system/simulation/submodules/hps_sdram.v                                             ; --            ; --                             ; --         ;
; MISC_FILE                             ; soc_system/simulation/submodules/altdq_dqs2_acv_connect_to_hard_phy_cyclonev.sv          ; --            ; --                             ; --         ;
; MISC_FILE                             ; soc_system/simulation/submodules/altera_avalon_clock_source.sv                           ; --            ; --                             ; --         ;
; MISC_FILE                             ; soc_system/simulation/submodules/altera_avalon_reset_source.sv                           ; --            ; --                             ; --         ;
; MISC_FILE                             ; soc_system/simulation/submodules/altera_mem_if_hhp_qseq_top.v                            ; --            ; --                             ; --         ;
; MISC_FILE                             ; soc_system/simulation/submodules/hps_AC_ROM.hex                                          ; --            ; --                             ; --         ;
; MISC_FILE                             ; soc_system/simulation/submodules/hps_inst_ROM.hex                                        ; --            ; --                             ; --         ;
; MISC_FILE                             ; soc_system/simulation/submodules/hps_sdram_p0.sv                                         ; --            ; --                             ; --         ;
; MISC_FILE                             ; soc_system/simulation/submodules/hps_sdram_p0_acv_hard_addr_cmd_pads.v                   ; --            ; --                             ; --         ;
; MISC_FILE                             ; soc_system/simulation/submodules/hps_sdram_p0_acv_hard_io_pads.v                         ; --            ; --                             ; --         ;
; MISC_FILE                             ; soc_system/simulation/submodules/hps_sdram_p0_acv_hard_memphy.v                          ; --            ; --                             ; --         ;
; MISC_FILE                             ; soc_system/simulation/submodules/hps_sdram_p0_acv_ldc.v                                  ; --            ; --                             ; --         ;
; MISC_FILE                             ; soc_system/simulation/submodules/hps_sdram_p0_altdqdqs.v                                 ; --            ; --                             ; --         ;
; MISC_FILE                             ; soc_system/simulation/submodules/hps_sdram_p0_clock_pair_generator.v                     ; --            ; --                             ; --         ;
; MISC_FILE                             ; soc_system/simulation/submodules/hps_sdram_p0_generic_ddio.v                             ; --            ; --                             ; --         ;
; MISC_FILE                             ; soc_system/simulation/submodules/hps_sdram_p0_iss_probe.v                                ; --            ; --                             ; --         ;
; MISC_FILE                             ; soc_system/simulation/submodules/hps_sdram_p0_phy_csr.sv                                 ; --            ; --                             ; --         ;
; MISC_FILE                             ; soc_system/simulation/submodules/hps_sdram_p0_reset.v                                    ; --            ; --                             ; --         ;
; MISC_FILE                             ; soc_system/simulation/submodules/hps_sdram_p0_reset_sync.v                               ; --            ; --                             ; --         ;
; MISC_FILE                             ; soc_system/simulation/submodules/hps_sdram_pll.sv                                        ; --            ; --                             ; --         ;
; MISC_FILE                             ; soc_system/simulation/submodules/hps_software/sequencer.c                                ; --            ; --                             ; --         ;
; MISC_FILE                             ; soc_system/simulation/submodules/hps_software/sequencer.h                                ; --            ; --                             ; --         ;
; MISC_FILE                             ; soc_system/simulation/submodules/hps_software/sequencer_defines.h                        ; --            ; --                             ; --         ;
; MISC_FILE                             ; soc_system/simulation/submodules/seq/seq.v                                               ; --            ; --                             ; --         ;
; MISC_FILE                             ; soc_system/simulation/submodules/seq/seq_addr_router.v                                   ; --            ; --                             ; --         ;
; MISC_FILE                             ; soc_system/simulation/submodules/seq/seq_addr_router_001.v                               ; --            ; --                             ; --         ;
; MISC_FILE                             ; soc_system/simulation/submodules/seq/seq_addr_router_001_default_decode.v                ; --            ; --                             ; --         ;
; MISC_FILE                             ; soc_system/simulation/submodules/seq/seq_addr_router_default_decode.v                    ; --            ; --                             ; --         ;
; MISC_FILE                             ; soc_system/simulation/submodules/seq/seq_altera_avalon_dc_fifo.v                         ; --            ; --                             ; --         ;
; MISC_FILE                             ; soc_system/simulation/submodules/seq/seq_altera_avalon_mm_bridge.v                       ; --            ; --                             ; --         ;
; MISC_FILE                             ; soc_system/simulation/submodules/seq/seq_altera_avalon_mm_clock_crossing_bridge.v        ; --            ; --                             ; --         ;
; MISC_FILE                             ; soc_system/simulation/submodules/seq/seq_altera_avalon_sc_fifo.v                         ; --            ; --                             ; --         ;
; MISC_FILE                             ; soc_system/simulation/submodules/seq/seq_altera_avalon_st_pipeline_base.v                ; --            ; --                             ; --         ;
; MISC_FILE                             ; soc_system/simulation/submodules/seq/seq_altera_hhp_apb2avalon_bridge.v                  ; --            ; --                             ; --         ;
; MISC_FILE                             ; soc_system/simulation/submodules/seq/seq_altera_mem_if_simple_avalon_mm_bridge.v         ; --            ; --                             ; --         ;
; MISC_FILE                             ; soc_system/simulation/submodules/seq/seq_altera_merlin_arbitrator.v                      ; --            ; --                             ; --         ;
; MISC_FILE                             ; soc_system/simulation/submodules/seq/seq_altera_merlin_arb_adder.v                       ; --            ; --                             ; --         ;
; MISC_FILE                             ; soc_system/simulation/submodules/seq/seq_altera_merlin_burst_uncompressor.v              ; --            ; --                             ; --         ;
; MISC_FILE                             ; soc_system/simulation/submodules/seq/seq_altera_merlin_master_agent.v                    ; --            ; --                             ; --         ;
; MISC_FILE                             ; soc_system/simulation/submodules/seq/seq_altera_merlin_master_translator.v               ; --            ; --                             ; --         ;
; MISC_FILE                             ; soc_system/simulation/submodules/seq/seq_altera_merlin_slave_agent.v                     ; --            ; --                             ; --         ;
; MISC_FILE                             ; soc_system/simulation/submodules/seq/seq_altera_merlin_slave_translator.v                ; --            ; --                             ; --         ;
; MISC_FILE                             ; soc_system/simulation/submodules/seq/seq_altera_merlin_traffic_limiter.v                 ; --            ; --                             ; --         ;
; MISC_FILE                             ; soc_system/simulation/submodules/seq/seq_cmd_xbar_demux.v                                ; --            ; --                             ; --         ;
; MISC_FILE                             ; soc_system/simulation/submodules/seq/seq_cmd_xbar_demux_001.v                            ; --            ; --                             ; --         ;
; MISC_FILE                             ; soc_system/simulation/submodules/seq/seq_cmd_xbar_mux.v                                  ; --            ; --                             ; --         ;
; MISC_FILE                             ; soc_system/simulation/submodules/seq/seq_hhp_decompress_avl_mm_bridge.v                  ; --            ; --                             ; --         ;
; MISC_FILE                             ; soc_system/simulation/submodules/seq/seq_id_router.v                                     ; --            ; --                             ; --         ;
; MISC_FILE                             ; soc_system/simulation/submodules/seq/seq_id_router_default_decode.v                      ; --            ; --                             ; --         ;
; MISC_FILE                             ; soc_system/simulation/submodules/seq/seq_reg_file.v                                      ; --            ; --                             ; --         ;
; MISC_FILE                             ; soc_system/simulation/submodules/seq/seq_rsp_xbar_demux.v                                ; --            ; --                             ; --         ;
; MISC_FILE                             ; soc_system/simulation/submodules/seq/seq_rsp_xbar_mux.v                                  ; --            ; --                             ; --         ;
; MISC_FILE                             ; soc_system/simulation/submodules/seq/seq_scc_hhp_phase_decode.v                          ; --            ; --                             ; --         ;
; MISC_FILE                             ; soc_system/simulation/submodules/seq/seq_scc_hhp_wrapper.v                               ; --            ; --                             ; --         ;
; MISC_FILE                             ; soc_system/simulation/submodules/seq/seq_scc_mgr.v                                       ; --            ; --                             ; --         ;
; MISC_FILE                             ; soc_system/simulation/submodules/seq/seq_scc_reg_file.v                                  ; --            ; --                             ; --         ;
; MISC_FILE                             ; soc_system/simulation/submodules/seq/seq_trk_mgr.v                                       ; --            ; --                             ; --         ;
; MISC_FILE                             ; soc_system/simulation/submodules/seq_lib/alt_mem_ddrx_buffer.v                           ; --            ; --                             ; --         ;
; MISC_FILE                             ; soc_system/simulation/submodules/seq_lib/alt_mem_ddrx_fifo.v                             ; --            ; --                             ; --         ;
; MISC_FILE                             ; soc_system/simulation/submodules/seq_lib/hmctl_synchronizer.v                            ; --            ; --                             ; --         ;
; MISC_FILE                             ; soc_system/simulation/submodules/verbosity_pkg.sv                                        ; --            ; --                             ; --         ;
; MISC_FILE                             ; soc_system/simulation/submodules/avalon_utilities_pkg.sv                                 ; --            ; --                             ; --         ;
; MISC_FILE                             ; soc_system/simulation/submodules/avalon_mm_pkg.sv                                        ; --            ; --                             ; --         ;
; MISC_FILE                             ; soc_system/simulation/submodules/altera_avalon_mm_slave_bfm.sv                           ; --            ; --                             ; --         ;
; MISC_FILE                             ; soc_system/simulation/submodules/altera_avalon_interrupt_sink.sv                         ; --            ; --                             ; --         ;
; MISC_FILE                             ; soc_system/simulation/submodules/soc_system_hps_0_fpga_interfaces_f2h_cold_reset_req.sv  ; --            ; --                             ; --         ;
; MISC_FILE                             ; soc_system/simulation/submodules/soc_system_hps_0_fpga_interfaces_f2h_debug_reset_req.sv ; --            ; --                             ; --         ;
; MISC_FILE                             ; soc_system/simulation/submodules/soc_system_hps_0_fpga_interfaces_f2h_warm_reset_req.sv  ; --            ; --                             ; --         ;
; MISC_FILE                             ; soc_system/simulation/submodules/soc_system_hps_0_fpga_interfaces_f2h_stm_hw_events.sv   ; --            ; --                             ; --         ;
; MISC_FILE                             ; soc_system/simulation/submodules/soc_system_hps_0_fpga_interfaces.sv                     ; --            ; --                             ; --         ;
; MISC_FILE                             ; soc_system/simulation/submodules/soc_system_f2sdram_only_master.v                        ; --            ; --                             ; --         ;
; MISC_FILE                             ; soc_system/simulation/submodules/soc_system_f2sdram_only_master_p2b_adapter.sv           ; --            ; --                             ; --         ;
; MISC_FILE                             ; soc_system/simulation/submodules/soc_system_f2sdram_only_master_b2p_adapter.sv           ; --            ; --                             ; --         ;
; MISC_FILE                             ; soc_system/simulation/submodules/altera_avalon_packets_to_master.v                       ; --            ; --                             ; --         ;
; MISC_FILE                             ; soc_system/simulation/submodules/altera_avalon_st_packets_to_bytes.v                     ; --            ; --                             ; --         ;
; MISC_FILE                             ; soc_system/simulation/submodules/altera_avalon_st_bytes_to_packets.v                     ; --            ; --                             ; --         ;
; MISC_FILE                             ; soc_system/simulation/submodules/soc_system_f2sdram_only_master_timing_adt.sv            ; --            ; --                             ; --         ;
; MISC_FILE                             ; soc_system/simulation/submodules/altera_avalon_st_jtag_interface.v                       ; --            ; --                             ; --         ;
; MISC_FILE                             ; soc_system/simulation/submodules/altera_jtag_dc_streaming.v                              ; --            ; --                             ; --         ;
; MISC_FILE                             ; soc_system/simulation/submodules/altera_jtag_sld_node.v                                  ; --            ; --                             ; --         ;
; MISC_FILE                             ; soc_system/simulation/submodules/altera_jtag_streaming.v                                 ; --            ; --                             ; --         ;
; MISC_FILE                             ; soc_system/simulation/submodules/altera_avalon_st_clock_crosser.v                        ; --            ; --                             ; --         ;
; MISC_FILE                             ; soc_system/simulation/submodules/altera_std_synchronizer_nocut.v                         ; --            ; --                             ; --         ;
; MISC_FILE                             ; soc_system/simulation/submodules/altera_avalon_st_pipeline_base.v                        ; --            ; --                             ; --         ;
; MISC_FILE                             ; soc_system/simulation/submodules/altera_avalon_st_idle_remover.v                         ; --            ; --                             ; --         ;
; MISC_FILE                             ; soc_system/simulation/submodules/altera_avalon_st_idle_inserter.v                        ; --            ; --                             ; --         ;
; MISC_FILE                             ; soc_system/simulation/submodules/altera_avalon_st_pipeline_stage.sv                      ; --            ; --                             ; --         ;
; MISC_FILE                             ; soc_system/simulation/submodules/altera_avalon_st_jtag_interface.sdc                     ; --            ; --                             ; --         ;
; MISC_FILE                             ; soc_system/simulation/submodules/soc_system_dipsw_pio.v                                  ; --            ; --                             ; --         ;
; MISC_FILE                             ; soc_system/simulation/submodules/soc_system_button_pio.v                                 ; --            ; --                             ; --         ;
; MISC_FILE                             ; soc_system/simulation/submodules/interrupt_latency_counter.v                             ; --            ; --                             ; --         ;
; MISC_FILE                             ; soc_system/simulation/submodules/irq_detector.v                                          ; --            ; --                             ; --         ;
; MISC_FILE                             ; soc_system/simulation/submodules/state_machine_counter.v                                 ; --            ; --                             ; --         ;
; MISC_FILE                             ; ip/altsource_probe/hps_reset_bb.v                                                        ; --            ; --                             ; --         ;
; MISC_FILE                             ; soc_system/synthesis/../soc_system.cmp                                                   ; --            ; --                             ; --         ;
; MISC_FILE                             ; soc_system/synthesis/../../C                                                             ; --            ; --                             ; --         ;
; MISC_FILE                             ; soc_system/synthesis/soc_system_hps_0_hps.svd                                            ; --            ; --                             ; --         ;
; MISC_FILE                             ; soc_system/synthesis/../../soc_system.qsys                                               ; --            ; --                             ; --         ;
; MISC_FILE                             ; soc_system/synthesis/submodules/sequencer/alt_types.pre.h                                ; --            ; --                             ; --         ;
; MISC_FILE                             ; soc_system/synthesis/submodules/sequencer/emif.pre.xml                                   ; --            ; --                             ; --         ;
; MISC_FILE                             ; soc_system/synthesis/submodules/sequencer/sdram_io.pre.h                                 ; --            ; --                             ; --         ;
; MISC_FILE                             ; soc_system/synthesis/submodules/sequencer/sequencer.pre.c                                ; --            ; --                             ; --         ;
; MISC_FILE                             ; soc_system/synthesis/submodules/sequencer/sequencer.pre.h                                ; --            ; --                             ; --         ;
; MISC_FILE                             ; soc_system/synthesis/submodules/sequencer/sequencer_auto.pre.h                           ; --            ; --                             ; --         ;
; MISC_FILE                             ; soc_system/synthesis/submodules/sequencer/sequencer_auto_ac_init.pre.c                   ; --            ; --                             ; --         ;
; MISC_FILE                             ; soc_system/synthesis/submodules/sequencer/sequencer_auto_inst_init.pre.c                 ; --            ; --                             ; --         ;
; MISC_FILE                             ; soc_system/synthesis/submodules/sequencer/sequencer_defines.pre.h                        ; --            ; --                             ; --         ;
; MISC_FILE                             ; soc_system/synthesis/submodules/sequencer/system.pre.h                                   ; --            ; --                             ; --         ;
; MISC_FILE                             ; soc_system/synthesis/submodules/sequencer/tclrpt.pre.c                                   ; --            ; --                             ; --         ;
; MISC_FILE                             ; soc_system/synthesis/submodules/sequencer/tclrpt.pre.h                                   ; --            ; --                             ; --         ;
; MISC_FILE                             ; soc_system/synthesis/submodules/hps.pre.xml                                              ; --            ; --                             ; --         ;
; PARTITION_COLOR                       ; -- (Not supported for targeted family)                                                   ; --            ; --                             ; Top        ;
; PARTITION_FITTER_PRESERVATION_LEVEL   ; -- (Not supported for targeted family)                                                   ; --            ; --                             ; Top        ;
; PARTITION_NETLIST_TYPE                ; -- (Not supported for targeted family)                                                   ; --            ; --                             ; Top        ;
; POWER_BOARD_THERMAL_MODEL             ; None (CONSERVATIVE)                                                                      ; --            ; --                             ; --         ;
; POWER_PRESET_COOLING_SOLUTION         ; 23 MM HEAT SINK WITH 200 LFPM AIRFLOW                                                    ; --            ; --                             ; --         ;
; PROJECT_OUTPUT_DIRECTORY              ; output_files                                                                             ; --            ; --                             ; --         ;
; SLD_FILE                              ; soc_system/synthesis/soc_system.regmap                                                   ; --            ; --                             ; --         ;
; SLD_FILE                              ; soc_system/synthesis/soc_system.debuginfo                                                ; --            ; --                             ; --         ;
; SLD_INFO                              ; QSYS_NAME soc_system HAS_SOPCINFO 1 GENERATION_ID 1772087298                             ; --            ; soc_system                     ; --         ;
; SOPCINFO_FILE                         ; soc_system/synthesis/../../soc_system.sopcinfo                                           ; --            ; --                             ; --         ;
; SPD_FILE                              ; soc_system/simulation/../soc_system.spd                                                  ; --            ; --                             ; --         ;
; SYNTHESIS_ONLY_QIP                    ; On                                                                                       ; --            ; --                             ; --         ;
; USE_DLL_FREQUENCY_FOR_DQS_DELAY_CHAIN ; On                                                                                       ; Off           ; --                             ; --         ;
+---------------------------------------+------------------------------------------------------------------------------------------+---------------+--------------------------------+------------+


+--------------------------------------------------------------------------------------------------------------------------+
; Flow Elapsed Time                                                                                                        ;
+----------------------+--------------+-------------------------+---------------------+------------------------------------+
; Module Name          ; Elapsed Time ; Average Processors Used ; Peak Virtual Memory ; Total CPU Time (on all processors) ;
+----------------------+--------------+-------------------------+---------------------+------------------------------------+
; Analysis & Synthesis ; 00:00:09     ; 1.0                     ; 5068 MB             ; 00:00:18                           ;
; Fitter               ; 00:01:04     ; 1.1                     ; 8456 MB             ; 00:03:17                           ;
; Assembler            ; 00:00:10     ; 1.0                     ; 5280 MB             ; 00:00:06                           ;
; Timing Analyzer      ; 00:00:22     ; 1.1                     ; 6105 MB             ; 00:00:22                           ;
; Total                ; 00:01:45     ; --                      ; --                  ; 00:04:03                           ;
+----------------------+--------------+-------------------------+---------------------+------------------------------------+


+------------------------------------------------------------------------------------+
; Flow OS Summary                                                                    ;
+----------------------+------------------+------------+------------+----------------+
; Module Name          ; Machine Hostname ; OS Name    ; OS Version ; Processor type ;
+----------------------+------------------+------------+------------+----------------+
; Analysis & Synthesis ; Issa             ; Windows 10 ; 10.0       ; x86_64         ;
; Fitter               ; Issa             ; Windows 10 ; 10.0       ; x86_64         ;
; Assembler            ; Issa             ; Windows 10 ; 10.0       ; x86_64         ;
; Timing Analyzer      ; Issa             ; Windows 10 ; 10.0       ; x86_64         ;
+----------------------+------------------+------------+------------+----------------+


------------
; Flow Log ;
------------
quartus_map --read_settings_files=on --write_settings_files=off DE10_NANO_SoC_GHRD -c DE10_NANO_SoC_GHRD
quartus_fit --read_settings_files=off --write_settings_files=off DE10_NANO_SoC_GHRD -c DE10_NANO_SoC_GHRD
quartus_asm --read_settings_files=off --write_settings_files=off DE10_NANO_SoC_GHRD -c DE10_NANO_SoC_GHRD
quartus_sta DE10_NANO_SoC_GHRD -c DE10_NANO_SoC_GHRD



