IP Upgrade report for DE10_NANO_SoC_GHRD
Thu Feb 26 00:22:35 2026
Quartus Prime Version 25.1std.0 Build 1129 10/21/2025 SC Lite Edition


---------------------
; Table of Contents ;
---------------------
  1. Legal Notice
  2. IP Upgrade Summary
  3. Successfully Upgraded IP Components
  4. Failed Upgrade IP Components
  5. IP Upgrade Messages



----------------
; Legal Notice ;
----------------
Copyright (C) 2025  Altera Corporation. All rights reserved.
Your use of Altera Corporation's design tools, logic functions 
and other software and tools, and any partner logic 
functions, and any output files from any of the foregoing 
(including device programming or simulation files), and any 
associated documentation or information are expressly subject 
to the terms and conditions of the Altera Program License 
Subscription Agreement, the Altera Quartus Prime License Agreement,
the Altera IP License Agreement, or other applicable license
agreement, including, without limitation, that your use is for
the sole purpose of programming logic devices manufactured by
Altera and sold by Altera or its authorized distributors.  Please
refer to the Altera Software License Subscription Agreements 
on the Quartus Prime software download page.



+--------------------------------------------------------------------------------+
; IP Upgrade Summary                                                             ;
+------------------------------+-------------------------------------------------+
; IP Components Upgrade Status ; Passed - Thu Feb 26 00:22:35 2026               ;
; Quartus Prime Version        ; 25.1std.0 Build 1129 10/21/2025 SC Lite Edition ;
; Revision Name                ; DE10_NANO_SoC_GHRD                              ;
; Top-level Entity Name        ; DE10_NANO_SoC_GHRD                              ;
; Family                       ; Cyclone V                                       ;
+------------------------------+-------------------------------------------------+


+-----------------------------------------------------------------------------------------------------------------------------------------------------------------------+
; Successfully Upgraded IP Components                                                                                                                                   ;
+-------------+------------------------------+---------+----------------------------------+--------------------------------+----------------------------------+---------+
; Entity Name ; Component Name               ; Version ; Original Source File             ; Generation File Path           ; New Source File                  ; Message ;
+-------------+------------------------------+---------+----------------------------------+--------------------------------+----------------------------------+---------+
; hps_reset   ; In-System Sources and Probes ; 16.0    ; ip/altsource_probe/hps_reset.qip ; ip/altsource_probe/hps_reset.v ; ip/altsource_probe/hps_reset.qip ;         ;
+-------------+------------------------------+---------+----------------------------------+--------------------------------+----------------------------------+---------+


+----------------------------------------------------------------------------------------------------------------------------------------------------------------------------------+
; Failed Upgrade IP Components                                                                                                                                                     ;
+-------------+----------------+---------+-------------------------------------+----------------------+-----------------+----------------------------------------------------------+
; Entity Name ; Component Name ; Version ; Original Source File                ; Generation File Path ; New Source File ; Message                                                  ;
+-------------+----------------+---------+-------------------------------------+----------------------+-----------------+----------------------------------------------------------+
; soc_system  ; Qsys           ; 16.0    ; soc_system/synthesis/soc_system.qip ; soc_system.qsys      ;                 ; Error upgrading Platform Designer file "soc_system.qsys" ;
+-------------+----------------+---------+-------------------------------------+----------------------+-----------------+----------------------------------------------------------+


+---------------------+
; IP Upgrade Messages ;
+---------------------+
Info (11902): Backing up file "ip/altsource_probe/hps_reset.v" to "ip/altsource_probe/hps_reset.BAK.v"
Info (11837): Started upgrading IP component In-System Sources and Probes with file "ip/altsource_probe/hps_reset.v"
Info (11902): Backing up file "soc_system.qsys" to "soc_system.BAK.qsys"
Info (11902): Backing up file "soc_system/synthesis/soc_system.v" to "soc_system.BAK.v"
Info (11837): Started upgrading IP component Qsys with file "soc_system.qsys"
Info: 2026.02.26.00:19:37 Info: Starting to upgrade the IP cores in the Platform Designer system
Info: 2026.02.26.00:19:37 Info: Finished upgrading the ip cores
Info: 2026.02.26.00:19:51 Info: Saving generation log to C:/Users/dogcr/Downloads/fpmult/DE10_NANO_SoC_GHRD/soc_system
Info: 2026.02.26.00:19:51 Info: Starting: Create simulation model
Info: 2026.02.26.00:19:51 Info: qsys-generate C:\Users\dogcr\Downloads\fpmult\DE10_NANO_SoC_GHRD\soc_system.qsys --simulation=VERILOG --allow-mixed-language-simulation --output-directory=C:\Users\dogcr\Downloads\fpmult\DE10_NANO_SoC_GHRD\soc_system\simulation --family="Cyclone V" --part=5CSEBA6U23I7
Info: 2026.02.26.00:19:51 Info: Loading DE10_NANO_SoC_GHRD
Info: 2026.02.26.00:19:51 Info: Reading input file
Info: 2026.02.26.00:19:51 Info: Adding ILC [interrupt_latency_counter 25.1]
Info: 2026.02.26.00:19:51 Info: Parameterizing module ILC
Info: 2026.02.26.00:19:51 Info: Adding button_pio [altera_avalon_pio 25.1]
Info: 2026.02.26.00:19:51 Info: Parameterizing module button_pio
Info: 2026.02.26.00:19:51 Info: Adding clk_0 [clock_source 25.1]
Info: 2026.02.26.00:19:51 Info: Parameterizing module clk_0
Info: 2026.02.26.00:19:51 Info: Adding dipsw_pio [altera_avalon_pio 25.1]
Info: 2026.02.26.00:19:51 Info: Parameterizing module dipsw_pio
Info: 2026.02.26.00:19:51 Info: Adding f2sdram_only_master [altera_jtag_avalon_master 25.1]
Info: 2026.02.26.00:19:51 Info: Parameterizing module f2sdram_only_master
Info: 2026.02.26.00:19:51 Info: Adding fpga_only_master [altera_jtag_avalon_master 25.1]
Info: 2026.02.26.00:19:51 Info: Parameterizing module fpga_only_master
Info: 2026.02.26.00:19:51 Info: Adding hps_0 [altera_hps 25.1]
Info: 2026.02.26.00:19:51 Info: Parameterizing module hps_0
Info: 2026.02.26.00:19:51 Info: Adding hps_only_master [altera_jtag_avalon_master 25.1]
Info: 2026.02.26.00:19:51 Info: Parameterizing module hps_only_master
Info: 2026.02.26.00:19:51 Info: Adding jtag_uart [altera_avalon_jtag_uart 25.1]
Info: 2026.02.26.00:19:51 Info: Parameterizing module jtag_uart
Info: 2026.02.26.00:19:51 Info: Adding led_pio [altera_avalon_pio 25.1]
Info: 2026.02.26.00:19:51 Info: Parameterizing module led_pio
Info: 2026.02.26.00:19:51 Info: Adding mm_bridge_0 [altera_avalon_mm_bridge 25.1]
Info: 2026.02.26.00:19:51 Info: Parameterizing module mm_bridge_0
Info: 2026.02.26.00:19:51 Info: Adding sysid_qsys [altera_avalon_sysid_qsys 25.1]
Info: 2026.02.26.00:19:51 Info: Parameterizing module sysid_qsys
Info: 2026.02.26.00:19:51 Info: Building connections
Info: 2026.02.26.00:19:51 Info: Parameterizing connections
Info: 2026.02.26.00:19:51 Info: Validating
Info: 2026.02.26.00:19:57 Info: Done reading input file
Info: 2026.02.26.00:20:01 Info: soc_system.button_pio: PIO inputs are not hardwired in test bench. Undefined values will be read from PIO inputs during simulation.
Info: 2026.02.26.00:20:01 Info: soc_system.dipsw_pio: PIO inputs are not hardwired in test bench. Undefined values will be read from PIO inputs during simulation.
Info: 2026.02.26.00:20:01 Info: soc_system.hps_0: HPS Main PLL counter settings: n = 0  m = 63
Info: 2026.02.26.00:20:01 Info: soc_system.hps_0: HPS peripherial PLL counter settings: n = 0  m = 39
Warning: 2026.02.26.00:20:01 Warning: soc_system.hps_0: HPS model no longer supports simulation for HPS FPGA Bridges.
Info: 2026.02.26.00:20:01 Info: soc_system.jtag_uart: JTAG UART IP input clock need to be at least double (2x) the operating frequency of JTAG TCK on board
Info: 2026.02.26.00:20:01 Info: soc_system.sysid_qsys: System ID is not assigned automatically. Edit the System ID parameter to provide a unique ID
Info: 2026.02.26.00:20:01 Info: soc_system.sysid_qsys: Time stamp will be automatically updated when this component is generated.
Info: 2026.02.26.00:20:02 Info: soc_system: Generating "soc_system" for SIM_VERILOG
Info: 2026.02.26.00:20:07 Info: Interconnect is inserted between master hps_0.h2f_lw_axi_master and slave mm_bridge_0.s0 because the master is of type axi and the slave is of type avalon.
Info: 2026.02.26.00:20:10 Info: Interconnect is inserted between master hps_only_master.master and slave hps_0.f2h_axi_slave because the master is of type avalon and the slave is of type axi.
Info: 2026.02.26.00:20:11 Info: Interconnect is inserted between master f2sdram_only_master.master and slave hps_0.f2h_sdram0_data because the master has address signal 32 bit wide, but the slave is 27 bit wide.
Info: 2026.02.26.00:20:11 Info: Interconnect is inserted between master f2sdram_only_master.master and slave hps_0.f2h_sdram0_data because the master has readdata signal 32 bit wide, but the slave is 256 bit wide.
Info: 2026.02.26.00:20:11 Info: Interconnect is inserted between master f2sdram_only_master.master and slave hps_0.f2h_sdram0_data because the master has writedata signal 32 bit wide, but the slave is 256 bit wide.
Info: 2026.02.26.00:20:11 Info: Interconnect is inserted between master f2sdram_only_master.master and slave hps_0.f2h_sdram0_data because the master has byteenable signal 4 bit wide, but the slave is 32 bit wide.
Warning: 2026.02.26.00:20:12 Warning: hps_0.f2h_irq0: Cannot connect clock for irq_mapper_001.sender
Warning: 2026.02.26.00:20:12 Warning: hps_0.f2h_irq0: Cannot connect reset for irq_mapper_001.sender
Warning: 2026.02.26.00:20:12 Warning: hps_0.f2h_irq1: Cannot connect clock for irq_mapper_002.sender
Warning: 2026.02.26.00:20:12 Warning: hps_0.f2h_irq1: Cannot connect reset for irq_mapper_002.sender
Info: 2026.02.26.00:20:19 Info: ILC: "soc_system" instantiated interrupt_latency_counter "ILC"
Info: 2026.02.26.00:20:19 Info: button_pio: Starting RTL generation for module 'soc_system_button_pio'
Info: 2026.02.26.00:20:20 Info: button_pio: Done RTL generation for module 'soc_system_button_pio'
Info: 2026.02.26.00:20:20 Info: button_pio: "soc_system" instantiated altera_avalon_pio "button_pio"
Info: 2026.02.26.00:20:20 Info: dipsw_pio: Starting RTL generation for module 'soc_system_dipsw_pio'
Info: 2026.02.26.00:20:20 Info: dipsw_pio: Done RTL generation for module 'soc_system_dipsw_pio'
Info: 2026.02.26.00:20:20 Info: dipsw_pio: "soc_system" instantiated altera_avalon_pio "dipsw_pio"
Info: 2026.02.26.00:20:21 Info: f2sdram_only_master: "soc_system" instantiated altera_jtag_avalon_master "f2sdram_only_master"
Info: 2026.02.26.00:20:21 Info: hps_0: "Running  for module: hps_0"
Info: 2026.02.26.00:20:21 Info: hps_0: HPS Main PLL counter settings: n = 0  m = 63
Info: 2026.02.26.00:20:22 Info: hps_0: HPS peripherial PLL counter settings: n = 0  m = 39
Warning: 2026.02.26.00:20:22 Warning: hps_0: HPS model no longer supports simulation for HPS FPGA Bridges.
Info: 2026.02.26.00:20:25 Info: hps_0: "soc_system" instantiated altera_hps "hps_0"
Info: 2026.02.26.00:20:25 Info: jtag_uart: "soc_system" instantiated altera_avalon_jtag_uart "jtag_uart"
Info: 2026.02.26.00:20:25 Info: led_pio: Starting RTL generation for module 'soc_system_led_pio'
Info: 2026.02.26.00:20:25 Info: led_pio: Done RTL generation for module 'soc_system_led_pio'
Info: 2026.02.26.00:20:25 Info: led_pio: "soc_system" instantiated altera_avalon_pio "led_pio"
Info: 2026.02.26.00:20:25 Info: mm_bridge_0: "soc_system" instantiated altera_avalon_mm_bridge "mm_bridge_0"
Info: 2026.02.26.00:20:25 Info: sysid_qsys: "soc_system" instantiated altera_avalon_sysid_qsys "sysid_qsys"
Info: 2026.02.26.00:20:26 Info: avalon_st_adapter: Inserting error_adapter: error_adapter_0
Info: 2026.02.26.00:20:27 Info: mm_interconnect_0: "soc_system" instantiated altera_mm_interconnect "mm_interconnect_0"
Info: 2026.02.26.00:20:32 Info: avalon_st_adapter: Inserting error_adapter: error_adapter_0
Info: 2026.02.26.00:20:33 Info: avalon_st_adapter_001: Inserting error_adapter: error_adapter_0
Info: 2026.02.26.00:20:33 Info: avalon_st_adapter_002: Inserting error_adapter: error_adapter_0
Info: 2026.02.26.00:20:34 Info: avalon_st_adapter_003: Inserting error_adapter: error_adapter_0
Info: 2026.02.26.00:20:34 Info: avalon_st_adapter_004: Inserting error_adapter: error_adapter_0
Info: 2026.02.26.00:20:35 Info: avalon_st_adapter_005: Inserting error_adapter: error_adapter_0
Info: 2026.02.26.00:20:38 Info: mm_interconnect_1: "soc_system" instantiated altera_mm_interconnect "mm_interconnect_1"
Info: 2026.02.26.00:20:40 Info: mm_interconnect_2: "soc_system" instantiated altera_mm_interconnect "mm_interconnect_2"
Info: 2026.02.26.00:20:42 Info: avalon_st_adapter: Inserting error_adapter: error_adapter_0
Info: 2026.02.26.00:20:43 Info: mm_interconnect_3: "soc_system" instantiated altera_mm_interconnect "mm_interconnect_3"
Info: 2026.02.26.00:20:43 Info: irq_mapper: "soc_system" instantiated altera_irq_mapper "irq_mapper"
Info: 2026.02.26.00:20:43 Info: irq_mapper_001: "soc_system" instantiated altera_irq_mapper "irq_mapper_001"
Info: 2026.02.26.00:20:43 Info: irq_mapper_002: "soc_system" instantiated altera_irq_mapper "irq_mapper_002"
Info: 2026.02.26.00:20:43 Info: rst_controller: "soc_system" instantiated altera_reset_controller "rst_controller"
Info: 2026.02.26.00:20:43 Info: jtag_phy_embedded_in_jtag_master: "f2sdram_only_master" instantiated altera_jtag_dc_streaming "jtag_phy_embedded_in_jtag_master"
Info: 2026.02.26.00:20:43 Info: timing_adt: "f2sdram_only_master" instantiated timing_adapter "timing_adt"
Info: 2026.02.26.00:20:43 Info: fifo: "f2sdram_only_master" instantiated altera_avalon_sc_fifo "fifo"
Info: 2026.02.26.00:20:43 Info: b2p: "f2sdram_only_master" instantiated altera_avalon_st_bytes_to_packets "b2p"
Info: 2026.02.26.00:20:43 Info: p2b: "f2sdram_only_master" instantiated altera_avalon_st_packets_to_bytes "p2b"
Info: 2026.02.26.00:20:43 Info: transacto: "f2sdram_only_master" instantiated altera_avalon_packets_to_master "transacto"
Info: 2026.02.26.00:20:43 Info: b2p_adapter: "f2sdram_only_master" instantiated channel_adapter "b2p_adapter"
Info: 2026.02.26.00:20:43 Info: p2b_adapter: "f2sdram_only_master" instantiated channel_adapter "p2b_adapter"
Error: 2026.02.26.00:21:10 Error: fpga_interfaces: Error during execution of script generate_hps_sdram.tcl: s0: /mnt/c/altera_lite/25.1std/quartus/bin64/uniphy_mcc.exe -ac_code sequencer_mc/ac_rom.s -inst_code sequencer_mc/inst_rom.s -ac_rom ../hps_AC_ROM.hex -inst_rom ../hps_inst_ROM.hex -header sequencer/sequencer_auto.h -vheader ../sequencer_auto_h.sv -ac_rom_init sequencer/sequencer_auto_ac_init.c -inst_rom_init sequencer
Error: 2026.02.26.00:21:10 Error: fpga_interfaces: Error during execution of script generate_hps_sdram.tcl: s0: UniPHY Sequencer Microcode Compiler
Error: 2026.02.26.00:21:10 Error: fpga_interfaces: Error during execution of script generate_hps_sdram.tcl: s0: Copyright (C) 2025  Altera Corporation. All rights reserved.
Error: 2026.02.26.00:21:10 Error: fpga_interfaces: Error during execution of script generate_hps_sdram.tcl: s0: Info: Reading sequencer_mc
Error: 2026.02.26.00:21:10 Error: fpga_interfaces: Error during execution of script generate_hps_sdram.tcl: s0: Info: Reading sequencer_mc
Error: 2026.02.26.00:21:10 Error: fpga_interfaces: Error during execution of script generate_hps_sdram.tcl: s0: Info: Writing ..
Error: 2026.02.26.00:21:10 Error: fpga_interfaces: Error during execution of script generate_hps_sdram.tcl: s0: Info: Writing ..
Error: 2026.02.26.00:21:10 Error: fpga_interfaces: Error during execution of script generate_hps_sdram.tcl: s0: Info: Writing sequencer
Error: 2026.02.26.00:21:10 Error: fpga_interfaces: Error during execution of script generate_hps_sdram.tcl: s0: Info: Writing sequencer
Error: 2026.02.26.00:21:10 Error: fpga_interfaces: Error during execution of script generate_hps_sdram.tcl: s0: Info: Writing sequencer
Error: 2026.02.26.00:21:10 Error: fpga_interfaces: Error during execution of script generate_hps_sdram.tcl: s0: Info: Writing sequencer
Error: 2026.02.26.00:21:10 Error: fpga_interfaces: Error during execution of script generate_hps_sdram.tcl: s0: Info: Writing ..
Error: 2026.02.26.00:21:10 Error: fpga_interfaces: Error during execution of script generate_hps_sdram.tcl: s0: Info: Microcode compilation successful
Error: 2026.02.26.00:21:10 Error: fpga_interfaces: Error during execution of script generate_hps_sdram.tcl: s0: /mnt/c/altera_lite/25.1std/quartus/../nios2eds/sdk2/bin
Error: 2026.02.26.00:21:10 Error: fpga_interfaces: Error during execution of script generate_hps_sdram.tcl: s0: nios2-bsp: Using /mnt/c/altera_lite/25.1std/nios2eds/sdk2/bin
Error: 2026.02.26.00:21:10 Error: fpga_interfaces: Error during execution of script generate_hps_sdram.tcl: s0: nios2-bsp: Updating existing BSP because sequencer_bsp
Error: 2026.02.26.00:21:10 Error: fpga_interfaces: Error during execution of script generate_hps_sdram.tcl: s0: nios2-bsp: Using SOPC design file /mnt/c/Users/dogcr/AppData/Local/Temp/alt0510_5612637766130715113.dir/0006_s0_gen//hps.sopcinfo found in /mnt/c/Users/dogcr/AppData/Local/Temp/alt0510_5612637766130715113.dir/0006_s0_gen
Error: 2026.02.26.00:21:10 Error: fpga_interfaces: Error during execution of script generate_hps_sdram.tcl: s0: INFO: Updating BSP settings...
Error: 2026.02.26.00:21:10 Error: fpga_interfaces: Error during execution of script generate_hps_sdram.tcl: s0: INFO: nios2-bsp-update-settings --settings sequencer_bsp/settings.bsp --bsp-dir sequencer_bsp --sopc c:/Users/dogcr/AppData/Local/Temp/alt0510_5612637766130715113.dir/0006_s0_gen//hps.sopcinfo --script c:/altera_lite/25.1std/nios2eds/sdk2/bin
Error: 2026.02.26.00:21:10 Error: fpga_interfaces: Error during execution of script generate_hps_sdram.tcl: s0: INFO: Initializing BSP components...
Error: 2026.02.26.00:21:10 Error: fpga_interfaces: Error during execution of script generate_hps_sdram.tcl: s0: INFO: Finished initializing BSP components. Total time taken = 2 seconds
Error: 2026.02.26.00:21:10 Error: fpga_interfaces: Error during execution of script generate_hps_sdram.tcl: s0: INFO: Searching for BSP components with category: os_software_element
Error: 2026.02.26.00:21:10 Error: fpga_interfaces: Error during execution of script generate_hps_sdram.tcl: s0: INFO: Initializing SOPC project local software IP
Error: 2026.02.26.00:21:10 Error: fpga_interfaces: Error during execution of script generate_hps_sdram.tcl: s0: INFO: [Info] C:/Users/dogcr/AppData/Local/Temp/alt0510_5612637766130715113.dir/0006_s0_gen
Error: 2026.02.26.00:21:10 Error: fpga_interfaces: Error during execution of script generate_hps_sdram.tcl: s0: INFO: [Info] C:/Users/dogcr/AppData/Local/Temp/alt0510_5612637766130715113.dir/0006_s0_gen/*
Error: 2026.02.26.00:21:10 Error: fpga_interfaces: Error during execution of script generate_hps_sdram.tcl: s0: INFO: [Info] C:/Users/dogcr/AppData/Local/Temp/alt0510_5612637766130715113.dir/0006_s0_gen/ip/**
Error: 2026.02.26.00:21:10 Error: fpga_interfaces: Error during execution of script generate_hps_sdram.tcl: s0: INFO: [Info] C:/Users/dogcr/AppData/Local/Temp/alt0510_5612637766130715113.dir/ip/**
Error: 2026.02.26.00:21:10 Error: fpga_interfaces: Error during execution of script generate_hps_sdram.tcl: s0: INFO: Finished initializing SOPC project local software IP. Total time taken = 2 seconds
Error: 2026.02.26.00:21:10 Error: fpga_interfaces: Error during execution of script generate_hps_sdram.tcl: s0: INFO: Searching for BSP components with category: driver_element
Error: 2026.02.26.00:21:10 Error: fpga_interfaces: Error during execution of script generate_hps_sdram.tcl: s0: INFO: Searching for BSP components with category: software_package_element
Error: 2026.02.26.00:21:10 Error: fpga_interfaces: Error during execution of script generate_hps_sdram.tcl: s0: INFO: Loading drivers from ensemble report.
Error: 2026.02.26.00:21:10 Error: fpga_interfaces: Error during execution of script generate_hps_sdram.tcl: s0: INFO: Finished loading drivers from ensemble report.
Error: 2026.02.26.00:21:10 Error: fpga_interfaces: Error during execution of script generate_hps_sdram.tcl: s0: INFO: Tcl message: "No STDIO character device"
Error: 2026.02.26.00:21:10 Error: fpga_interfaces: Error during execution of script generate_hps_sdram.tcl: s0: INFO: Tcl message: "No system timer device"
Error: 2026.02.26.00:21:10 Error: fpga_interfaces: Error during execution of script generate_hps_sdram.tcl: s0: INFO: Tcl message: "Default linker sections mapped to sequencer_mem"
Error: 2026.02.26.00:21:10 Error: fpga_interfaces: Error during execution of script generate_hps_sdram.tcl: s0: INFO: Default memory regions will not be persisted in BSP Settings File.
Error: 2026.02.26.00:21:10 Error: fpga_interfaces: Error during execution of script generate_hps_sdram.tcl: s0: INFO: Generated file "C:\Users\dogcr\AppData\Local\Temp\alt0510_5612637766130715113.dir\0006_s0_gen\hps_software\sequencer_bsp\settings.bsp"
Error: 2026.02.26.00:21:10 Error: fpga_interfaces: Error during execution of script generate_hps_sdram.tcl: s0: INFO: BSP settings updated
Error: 2026.02.26.00:21:10 Error: fpga_interfaces: Error during execution of script generate_hps_sdram.tcl: s0: INFO: Generating BSP files...
Error: 2026.02.26.00:21:10 Error: fpga_interfaces: Error during execution of script generate_hps_sdram.tcl: s0: INFO: Generating BSP files in "C:\Users\dogcr\AppData\Local\Temp\alt0510_5612637766130715113.dir\0006_s0_gen\hps_software\sequencer_bsp"
Error: 2026.02.26.00:21:10 Error: fpga_interfaces: Error during execution of script generate_hps_sdram.tcl: s0: INFO: Default memory regions will not be persisted in BSP Settings File.
Error: 2026.02.26.00:21:10 Error: fpga_interfaces: Error during execution of script generate_hps_sdram.tcl: s0: INFO: Generated file "C:\Users\dogcr\AppData\Local\Temp\alt0510_5612637766130715113.dir\0006_s0_gen\hps_software\sequencer_bsp\settings.bsp"
Error: 2026.02.26.00:21:10 Error: fpga_interfaces: Error during execution of script generate_hps_sdram.tcl: s0: INFO: Generated file "C:\Users\dogcr\AppData\Local\Temp\alt0510_5612637766130715113.dir\0006_s0_gen\hps_software\sequencer_bsp\summary.html"
Error: 2026.02.26.00:21:10 Error: fpga_interfaces: Error during execution of script generate_hps_sdram.tcl: s0: INFO: Generated file "C:\Users\dogcr\AppData\Local\Temp\alt0510_5612637766130715113.dir\0006_s0_gen\hps_software\sequencer_bsp\alt_sys_init.c"
Error: 2026.02.26.00:21:10 Error: fpga_interfaces: Error during execution of script generate_hps_sdram.tcl: s0: INFO: Generated file "C:\Users\dogcr\AppData\Local\Temp\alt0510_5612637766130715113.dir\0006_s0_gen\hps_software\sequencer_bsp\Makefile"
Error: 2026.02.26.00:21:10 Error: fpga_interfaces: Error during execution of script generate_hps_sdram.tcl: s0: INFO: Generated file "C:\Users\dogcr\AppData\Local\Temp\alt0510_5612637766130715113.dir\0006_s0_gen\hps_software\sequencer_bsp\system.h"
Error: 2026.02.26.00:21:10 Error: fpga_interfaces: Error during execution of script generate_hps_sdram.tcl: s0: INFO: Generated file "C:\Users\dogcr\AppData\Local\Temp\alt0510_5612637766130715113.dir\0006_s0_gen\hps_software\sequencer_bsp\linker.x"
Error: 2026.02.26.00:21:10 Error: fpga_interfaces: Error during execution of script generate_hps_sdram.tcl: s0: INFO: Generated file "C:\Users\dogcr\AppData\Local\Temp\alt0510_5612637766130715113.dir\0006_s0_gen\hps_software\sequencer_bsp\linker.h"
Error: 2026.02.26.00:21:10 Error: fpga_interfaces: Error during execution of script generate_hps_sdram.tcl: s0: INFO: Generated file "C:\Users\dogcr\AppData\Local\Temp\alt0510_5612637766130715113.dir\0006_s0_gen\hps_software\sequencer_bsp\memory.gdb"
Error: 2026.02.26.00:21:10 Error: fpga_interfaces: Error during execution of script generate_hps_sdram.tcl: s0: INFO: Generated file "C:\Users\dogcr\AppData\Local\Temp\alt0510_5612637766130715113.dir\0006_s0_gen\hps_software\sequencer_bsp\public.mk"
Error: 2026.02.26.00:21:10 Error: fpga_interfaces: Error during execution of script generate_hps_sdram.tcl: s0: INFO: Generated file "C:\Users\dogcr\AppData\Local\Temp\alt0510_5612637766130715113.dir\0006_s0_gen\hps_software\sequencer_bsp\mem_init.mk"
Error: 2026.02.26.00:21:10 Error: fpga_interfaces: Error during execution of script generate_hps_sdram.tcl: s0: INFO: Finished generating BSP files. Total time taken = 2 seconds
Error: 2026.02.26.00:21:10 Error: fpga_interfaces: Error during execution of script generate_hps_sdram.tcl: s0: INFO: BSP files generated in "C:\Users\dogcr\AppData\Local\Temp\alt0510_5612637766130715113.dir\0006_s0_gen\hps_software\sequencer_bsp"
Error: 2026.02.26.00:21:10 Error: fpga_interfaces: Error during execution of script generate_hps_sdram.tcl: s0: /mnt/c/altera_lite/25.1std/quartus/../nios2eds/sdk2/bin
Error: 2026.02.26.00:21:10 Error: fpga_interfaces: Error during execution of script generate_hps_sdram.tcl: s0: INFO: nios2-app-generate-makefile --bsp-dir sequencer_bsp --app-dir sequencer --elf-name sequencer.elf --set OBJDUMP_INCLUDE_SOURCE 1 --set APP_CFLAGS_DEFINED_SYMBOLS -DSTACK_POINTER=0x17ff0 --set APP_CFLAGS_OPTIMIZATION -Os --param max-inline-insns-single=1000 -fno-partial-inlining -fno-zero-initialized-in-bss --set APP_CFLAGS_WARNINGS -Winline -Wall --src-files sequencer.c sequencer.h tclrpt.c tclrpt.h sequencer_auto_ac_init.c sequencer_auto_inst_init.c
Error: 2026.02.26.00:21:10 Error: fpga_interfaces: Error during execution of script generate_hps_sdram.tcl: s0: INFO: Generating application makefile
Error: 2026.02.26.00:21:10 Error: fpga_interfaces: Error during execution of script generate_hps_sdram.tcl: s0: INFO: Generated file "C:\Users\dogcr\AppData\Local\Temp\alt0510_5612637766130715113.dir\0006_s0_gen\hps_software\sequencer\Makefile"
Error: 2026.02.26.00:21:10 Error: fpga_interfaces: Error during execution of script generate_hps_sdram.tcl: s0: INFO: Application makefile generated
Error: 2026.02.26.00:21:10 Error: fpga_interfaces: Error during execution of script generate_hps_sdram.tcl: s0: make -C sequencer_bsp clean altera_mem_if_nios2_hal_driver_ASM_LIB_SRCS=HAL/src/crt0.S  hal_C_LIB_SRCS=HAL/src/alt_main.c hal_C_LIB_SRCS+=HAL/src/alt_load.c  altera_mem_if_nios2_hal_driver_C_LIB_SRCS=HAL/src/altera_mem_if_nios2_irq.c altera_mem_if_nios2_hal_driver_C_LIB_SRCS+=HAL/src/alt_icache_flush_all.c altera_mem_if_nios2_hal_driver_C_LIB_SRCS+=HAL/src
Error: 2026.02.26.00:21:10 Error: fpga_interfaces: Error during execution of script generate_hps_sdram.tcl: s0: make[1]: Entering directory '/mnt/c/Users/dogcr/AppData/Local/Temp/alt0510_5612637766130715113.dir/0006_s0_gen/hps_software
Error: 2026.02.26.00:21:10 Error: fpga_interfaces: Error during execution of script generate_hps_sdram.tcl: s0: [BSP clean complete]
Error: 2026.02.26.00:21:10 Error: fpga_interfaces: Error during execution of script generate_hps_sdram.tcl: s0: make[1]: Leaving directory '/mnt/c/Users/dogcr/AppData/Local/Temp/alt0510_5612637766130715113.dir/0006_s0_gen/hps_software
Error: 2026.02.26.00:21:10 Error: fpga_interfaces: Error during execution of script generate_hps_sdram.tcl: s0: make -C sequencer clean all altera_mem_if_nios2_hal_driver_ASM_LIB_SRCS=HAL/src/crt0.S  hal_C_LIB_SRCS=HAL/src/alt_main.c hal_C_LIB_SRCS+=HAL/src/alt_load.c  altera_mem_if_nios2_hal_driver_C_LIB_SRCS=HAL/src/altera_mem_if_nios2_irq.c altera_mem_if_nios2_hal_driver_C_LIB_SRCS+=HAL/src/alt_icache_flush_all.c altera_mem_if_nios2_hal_driver_C_LIB_SRCS+=HAL/src
Error: 2026.02.26.00:21:10 Error: fpga_interfaces: Error during execution of script generate_hps_sdram.tcl: s0: make[1]: Entering directory '/mnt/c/Users/dogcr/AppData/Local/Temp/alt0510_5612637766130715113.dir/0006_s0_gen/hps_software
Error: 2026.02.26.00:21:10 Error: fpga_interfaces: Error during execution of script generate_hps_sdram.tcl: s0: [sequencer clean complete]
Error: 2026.02.26.00:21:10 Error: fpga_interfaces: Error during execution of script generate_hps_sdram.tcl: s0: Info: Building /mnt/c/Users/dogcr/AppData/Local/Temp/alt0510_5612637766130715113.dir/0006_s0_gen/hps_software
Error: 2026.02.26.00:21:10 Error: fpga_interfaces: Error during execution of script generate_hps_sdram.tcl: s0: make --no-print-directory -C /mnt/c/Users/dogcr/AppData/Local/Temp/alt0510_5612637766130715113.dir/0006_s0_gen/hps_software
Error: 2026.02.26.00:21:10 Error: fpga_interfaces: Error during execution of script generate_hps_sdram.tcl: s0: Compiling alt_dcache_flush_all.c...
Error: 2026.02.26.00:21:10 Error: fpga_interfaces: Error during execution of script generate_hps_sdram.tcl: s0: nios2-elf-gcc.exe -xc -MP -MMD -c  -I./HAL/inc -I. -I./drivers/inc -pipe -D__hal__ -DALT_NO_C_PLUS_PLUS -DALT_NO_CLEAN_EXIT -D'exit(a)=_exit(a)' -DALT_NO_EXIT -DALT_USE_DIRECT_DRIVERS -DALT_NO_INSTRUCTION_EMULATION -DALT_USE_SMALL_DRIVERS -DSMALL_C_LIB -DALT_SINGLE_THREADED    -Os -g -Wall  -mno-hw-div -mno-hw-div -mno-hw-mul -mno-hw-mulx -mgpopt=global   -o obj/HAL/src/alt_dcache_flush_all.o HAL/src
Error: 2026.02.26.00:21:10 Error: fpga_interfaces: Error during execution of script generate_hps_sdram.tcl: s0: make[1]: Leaving directory '/mnt/c/Users/dogcr/AppData/Local/Temp/alt0510_5612637766130715113.dir/0006_s0_gen/hps_software
Error: 2026.02.26.00:21:10 Error: fpga_interfaces: Error during execution of script generate_hps_sdram.tcl: s0: child process exited abnormally
Error: 2026.02.26.00:21:10 Error: fpga_interfaces: Error during execution of script generate_hps_sdram.tcl: s0: add_fileset_file: No such file C:/Users/dogcr/AppData/Local/Temp/alt0510_5612637766130715113.dir/0006_s0_gen
Error: 2026.02.26.00:21:10 Error: fpga_interfaces: Error during execution of script generate_hps_sdram.tcl: Generation stopped, 10 or more modules remaining
Error: 2026.02.26.00:21:10 Error: fpga_interfaces: Execution of script generate_hps_sdram.tcl failed
Error: 2026.02.26.00:21:10 Error: fpga_interfaces: 2026.02.26.00:20:44 Info:
Error: 2026.02.26.00:21:10 Error: fpga_interfaces: ********************************************************************************************************************
Error: 2026.02.26.00:21:10 Error: fpga_interfaces:
Error: 2026.02.26.00:21:10 Error: fpga_interfaces: Use qsys-generate for a simpler command-line interface for generating IP.
Error: 2026.02.26.00:21:10 Error: fpga_interfaces:
Error: 2026.02.26.00:21:10 Error: fpga_interfaces: Run ip-generate with switch --remove-qsys-generate-warning to prevent this notice from appearing in subsequent runs.
Error: 2026.02.26.00:21:10 Error: fpga_interfaces:
Error: 2026.02.26.00:21:10 Error: fpga_interfaces: ********************************************************************************************************************
Warning: 2026.02.26.00:21:10 Error: fpga_interfaces: 2026.02.26.00:20:46 Warning: Ignored parameter assignment device=5CSEBA6U23I7
Warning: 2026.02.26.00:21:10 Error: fpga_interfaces: 2026.02.26.00:20:46 Warning: Ignored parameter assignment extended_family_support=true
Warning: 2026.02.26.00:21:10 Error: fpga_interfaces: 2026.02.26.00:20:51 Warning: hps_sdram: 'Quick' simulation modes are NOT timing accurate. Some simulation memory models may issue warnings or errors
Error: 2026.02.26.00:21:10 Error: fpga_interfaces: 2026.02.26.00:20:51 Info: hps_sdram.pll_ref_clk: Elaborate: altera_clock_source
Error: 2026.02.26.00:21:10 Error: fpga_interfaces: 2026.02.26.00:20:51 Info: hps_sdram.pll_ref_clk:            $Revision: #1 $
Error: 2026.02.26.00:21:10 Error: fpga_interfaces: 2026.02.26.00:20:51 Info: hps_sdram.pll_ref_clk:            $Date: 2025/03
Error: 2026.02.26.00:21:10 Error: fpga_interfaces: 2026.02.26.00:20:51 Info: hps_sdram.global_reset: Elaborate: altera_reset_source
Error: 2026.02.26.00:21:10 Error: fpga_interfaces: 2026.02.26.00:20:51 Info: hps_sdram.global_reset:            $Revision: #1 $
Error: 2026.02.26.00:21:10 Error: fpga_interfaces: 2026.02.26.00:20:51 Info: hps_sdram.global_reset:            $Date: 2025/03
Error: 2026.02.26.00:21:10 Error: fpga_interfaces: 2026.02.26.00:20:51 Info: hps_sdram.global_reset: Reset is negatively asserted.
Warning: 2026.02.26.00:21:10 Error: fpga_interfaces: 2026.02.26.00:20:51 Warning: hps_sdram.p0: p0.oct_sharing must be exported, or connected to a matching conduit.
Warning: 2026.02.26.00:21:10 Error: fpga_interfaces: 2026.02.26.00:20:51 Warning: hps_sdram.p0: p0.io_int must be exported, or connected to a matching conduit.
Warning: 2026.02.26.00:21:10 Error: fpga_interfaces: 2026.02.26.00:20:51 Warning: hps_sdram.sequencer_mem: sequencer_mem.clken1 must be exported, or connected to a matching conduit.
Warning: 2026.02.26.00:21:10 Error: fpga_interfaces: 2026.02.26.00:20:51 Warning: hps_sdram.oct: oct.oct must be exported, or connected to a matching conduit.
Warning: 2026.02.26.00:21:10 Error: fpga_interfaces: 2026.02.26.00:20:51 Warning: hps_sdram.oct: oct.oct_sharing must be exported, or connected to a matching conduit.
Error: 2026.02.26.00:21:10 Error: fpga_interfaces: 2026.02.26.00:20:51 Info: hps_sdram: Generating "hps_sdram" for SIM_VERILOG
Error: 2026.02.26.00:21:10 Error: fpga_interfaces: 2026.02.26.00:20:55 Info: Interconnect is inserted between master s0.mmr_avl and slave c0.csr because the master has burstcount signal 1 bit wide, but the slave is 0 bit wide.
Error: 2026.02.26.00:21:10 Error: fpga_interfaces: 2026.02.26.00:20:58 Info: pll_ref_clk: "hps_sdram" instantiated altera_avalon_clock_source "pll_ref_clk"
Error: 2026.02.26.00:21:10 Error: fpga_interfaces: 2026.02.26.00:20:58 Info: global_reset: "hps_sdram" instantiated altera_avalon_reset_source "global_reset"
Error: 2026.02.26.00:21:10 Error: fpga_interfaces: 2026.02.26.00:20:58 Info: Reusing file C:/Users/dogcr/AppData/Local/Temp/alt0510_320189156833793326.dir/0021_fpga_interfaces_gen/submodules
Error: 2026.02.26.00:21:10 Error: fpga_interfaces: 2026.02.26.00:20:58 Info: pll: "hps_sdram" instantiated altera_mem_if_hps_pll "pll"
Error: 2026.02.26.00:21:10 Error: fpga_interfaces: 2026.02.26.00:20:58 Info: p0: Generating clock pair generator
Error: 2026.02.26.00:21:10 Error: fpga_interfaces: 2026.02.26.00:20:58 Info: p0: Generating hps_sdram_p0_altdqdqs
Error: 2026.02.26.00:21:10 Error: fpga_interfaces: 2026.02.26.00:21:02 Info: p0: "hps_sdram" instantiated altera_mem_if_ddr3_hard_phy_core "p0"
Error: 2026.02.26.00:21:10 Error: fpga_interfaces: 2026.02.26.00:21:08 Error: s0: /mnt/c/altera_lite/25.1std/quartus/bin64/uniphy_mcc.exe -ac_code sequencer_mc/ac_rom.s -inst_code sequencer_mc/inst_rom.s -ac_rom ../hps_AC_ROM.hex -inst_rom ../hps_inst_ROM.hex -header sequencer/sequencer_auto.h -vheader ../sequencer_auto_h.sv -ac_rom_init sequencer/sequencer_auto_ac_init.c -inst_rom_init sequencer
Error: 2026.02.26.00:21:10 Error: fpga_interfaces: 2026.02.26.00:21:08 Error: s0: UniPHY Sequencer Microcode Compiler
Error: 2026.02.26.00:21:10 Error: fpga_interfaces: 2026.02.26.00:21:08 Error: s0: Copyright (C) 2025  Altera Corporation. All rights reserved.
Error: 2026.02.26.00:21:10 Error: fpga_interfaces: 2026.02.26.00:21:08 Error: s0: Info: Reading sequencer_mc
Error: 2026.02.26.00:21:10 Error: fpga_interfaces: 2026.02.26.00:21:09 Error: s0: Info: Reading sequencer_mc
Error: 2026.02.26.00:21:10 Error: fpga_interfaces: 2026.02.26.00:21:09 Error: s0: Info: Writing ..
Error: 2026.02.26.00:21:10 Error: fpga_interfaces: 2026.02.26.00:21:09 Error: s0: Info: Writing ..
Error: 2026.02.26.00:21:10 Error: fpga_interfaces: 2026.02.26.00:21:09 Error: s0: Info: Writing sequencer
Error: 2026.02.26.00:21:10 Error: fpga_interfaces: 2026.02.26.00:21:09 Error: s0: Info: Writing sequencer
Error: 2026.02.26.00:21:10 Error: fpga_interfaces: 2026.02.26.00:21:09 Error: s0: Info: Writing sequencer
Error: 2026.02.26.00:21:10 Error: fpga_interfaces: 2026.02.26.00:21:09 Error: s0: Info: Writing sequencer
Error: 2026.02.26.00:21:10 Error: fpga_interfaces: 2026.02.26.00:21:09 Error: s0: Info: Writing ..
Error: 2026.02.26.00:21:10 Error: fpga_interfaces: 2026.02.26.00:21:09 Error: s0: Info: Microcode compilation successful
Error: 2026.02.26.00:21:10 Error: fpga_interfaces: 2026.02.26.00:21:09 Error: s0: /mnt/c/altera_lite/25.1std/quartus/../nios2eds/sdk2/bin
Error: 2026.02.26.00:21:10 Error: fpga_interfaces: 2026.02.26.00:21:09 Error: s0: nios2-bsp: Using /mnt/c/altera_lite/25.1std/nios2eds/sdk2/bin
Error: 2026.02.26.00:21:10 Error: fpga_interfaces: 2026.02.26.00:21:09 Error: s0: nios2-bsp: Updating existing BSP because sequencer_bsp
Error: 2026.02.26.00:21:10 Error: fpga_interfaces: 2026.02.26.00:21:09 Error: s0: nios2-bsp: Using SOPC design file /mnt/c/Users/dogcr/AppData/Local/Temp/alt0510_5612637766130715113.dir/0006_s0_gen//hps.sopcinfo found in /mnt/c/Users/dogcr/AppData/Local/Temp/alt0510_5612637766130715113.dir/0006_s0_gen
Error: 2026.02.26.00:21:10 Error: fpga_interfaces: 2026.02.26.00:21:09 Error: s0: INFO: Updating BSP settings...
Error: 2026.02.26.00:21:10 Error: fpga_interfaces: 2026.02.26.00:21:09 Error: s0: INFO: nios2-bsp-update-settings --settings sequencer_bsp/settings.bsp --bsp-dir sequencer_bsp --sopc c:/Users/dogcr/AppData/Local/Temp/alt0510_5612637766130715113.dir/0006_s0_gen//hps.sopcinfo --script c:/altera_lite/25.1std/nios2eds/sdk2/bin
Error: 2026.02.26.00:21:10 Error: fpga_interfaces: 2026.02.26.00:21:09 Error: s0: INFO: Initializing BSP components...
Error: 2026.02.26.00:21:10 Error: fpga_interfaces: 2026.02.26.00:21:09 Error: s0: INFO: Finished initializing BSP components. Total time taken = 2 seconds
Error: 2026.02.26.00:21:10 Error: fpga_interfaces: 2026.02.26.00:21:09 Error: s0: INFO: Searching for BSP components with category: os_software_element
Error: 2026.02.26.00:21:10 Error: fpga_interfaces: 2026.02.26.00:21:09 Error: s0: INFO: Initializing SOPC project local software IP
Error: 2026.02.26.00:21:10 Error: fpga_interfaces: 2026.02.26.00:21:09 Error: s0: INFO: [Info] C:/Users/dogcr/AppData/Local/Temp/alt0510_5612637766130715113.dir/0006_s0_gen
Error: 2026.02.26.00:21:10 Error: fpga_interfaces: 2026.02.26.00:21:09 Error: s0: INFO: [Info] C:/Users/dogcr/AppData/Local/Temp/alt0510_5612637766130715113.dir/0006_s0_gen/*
Error: 2026.02.26.00:21:10 Error: fpga_interfaces: 2026.02.26.00:21:09 Error: s0: INFO: [Info] C:/Users/dogcr/AppData/Local/Temp/alt0510_5612637766130715113.dir/0006_s0_gen/ip/**
Error: 2026.02.26.00:21:10 Error: fpga_interfaces: 2026.02.26.00:21:09 Error: s0: INFO: [Info] C:/Users/dogcr/AppData/Local/Temp/alt0510_5612637766130715113.dir/ip/**
Error: 2026.02.26.00:21:10 Error: fpga_interfaces: 2026.02.26.00:21:09 Error: s0: INFO: Finished initializing SOPC project local software IP. Total time taken = 2 seconds
Error: 2026.02.26.00:21:10 Error: fpga_interfaces: 2026.02.26.00:21:09 Error: s0: INFO: Searching for BSP components with category: driver_element
Error: 2026.02.26.00:21:10 Error: fpga_interfaces: 2026.02.26.00:21:09 Error: s0: INFO: Searching for BSP components with category: software_package_element
Error: 2026.02.26.00:21:10 Error: fpga_interfaces: 2026.02.26.00:21:09 Error: s0: INFO: Loading drivers from ensemble report.
Error: 2026.02.26.00:21:10 Error: fpga_interfaces: 2026.02.26.00:21:09 Error: s0: INFO: Finished loading drivers from ensemble report.
Error: 2026.02.26.00:21:10 Error: fpga_interfaces: 2026.02.26.00:21:09 Error: s0: INFO: Tcl message: "No STDIO character device"
Error: 2026.02.26.00:21:10 Error: fpga_interfaces: 2026.02.26.00:21:09 Error: s0: INFO: Tcl message: "No system timer device"
Error: 2026.02.26.00:21:10 Error: fpga_interfaces: 2026.02.26.00:21:09 Error: s0: INFO: Tcl message: "Default linker sections mapped to sequencer_mem"
Error: 2026.02.26.00:21:10 Error: fpga_interfaces: 2026.02.26.00:21:09 Error: s0: INFO: Default memory regions will not be persisted in BSP Settings File.
Error: 2026.02.26.00:21:10 Error: fpga_interfaces: 2026.02.26.00:21:09 Error: s0: INFO: Generated file "C:\Users\dogcr\AppData\Local\Temp\alt0510_5612637766130715113.dir\0006_s0_gen\hps_software\sequencer_bsp\settings.bsp"
Error: 2026.02.26.00:21:10 Error: fpga_interfaces: 2026.02.26.00:21:09 Error: s0: INFO: BSP settings updated
Error: 2026.02.26.00:21:10 Error: fpga_interfaces: 2026.02.26.00:21:09 Error: s0: INFO: Generating BSP files...
Error: 2026.02.26.00:21:10 Error: fpga_interfaces: 2026.02.26.00:21:09 Error: s0: INFO: Generating BSP files in "C:\Users\dogcr\AppData\Local\Temp\alt0510_5612637766130715113.dir\0006_s0_gen\hps_software\sequencer_bsp"
Error: 2026.02.26.00:21:10 Error: fpga_interfaces: 2026.02.26.00:21:09 Error: s0: INFO: Default memory regions will not be persisted in BSP Settings File.
Error: 2026.02.26.00:21:10 Error: fpga_interfaces: 2026.02.26.00:21:09 Error: s0: INFO: Generated file "C:\Users\dogcr\AppData\Local\Temp\alt0510_5612637766130715113.dir\0006_s0_gen\hps_software\sequencer_bsp\settings.bsp"
Error: 2026.02.26.00:21:10 Error: fpga_interfaces: 2026.02.26.00:21:09 Error: s0: INFO: Generated file "C:\Users\dogcr\AppData\Local\Temp\alt0510_5612637766130715113.dir\0006_s0_gen\hps_software\sequencer_bsp\summary.html"
Error: 2026.02.26.00:21:10 Error: fpga_interfaces: 2026.02.26.00:21:09 Error: s0: INFO: Generated file "C:\Users\dogcr\AppData\Local\Temp\alt0510_5612637766130715113.dir\0006_s0_gen\hps_software\sequencer_bsp\alt_sys_init.c"
Error: 2026.02.26.00:21:10 Error: fpga_interfaces: 2026.02.26.00:21:09 Error: s0: INFO: Generated file "C:\Users\dogcr\AppData\Local\Temp\alt0510_5612637766130715113.dir\0006_s0_gen\hps_software\sequencer_bsp\Makefile"
Error: 2026.02.26.00:21:10 Error: fpga_interfaces: 2026.02.26.00:21:09 Error: s0: INFO: Generated file "C:\Users\dogcr\AppData\Local\Temp\alt0510_5612637766130715113.dir\0006_s0_gen\hps_software\sequencer_bsp\system.h"
Error: 2026.02.26.00:21:10 Error: fpga_interfaces: 2026.02.26.00:21:09 Error: s0: INFO: Generated file "C:\Users\dogcr\AppData\Local\Temp\alt0510_5612637766130715113.dir\0006_s0_gen\hps_software\sequencer_bsp\linker.x"
Error: 2026.02.26.00:21:10 Error: fpga_interfaces: 2026.02.26.00:21:09 Error: s0: INFO: Generated file "C:\Users\dogcr\AppData\Local\Temp\alt0510_5612637766130715113.dir\0006_s0_gen\hps_software\sequencer_bsp\linker.h"
Error: 2026.02.26.00:21:10 Error: fpga_interfaces: 2026.02.26.00:21:09 Error: s0: INFO: Generated file "C:\Users\dogcr\AppData\Local\Temp\alt0510_5612637766130715113.dir\0006_s0_gen\hps_software\sequencer_bsp\memory.gdb"
Error: 2026.02.26.00:21:10 Error: fpga_interfaces: 2026.02.26.00:21:09 Error: s0: INFO: Generated file "C:\Users\dogcr\AppData\Local\Temp\alt0510_5612637766130715113.dir\0006_s0_gen\hps_software\sequencer_bsp\public.mk"
Error: 2026.02.26.00:21:10 Error: fpga_interfaces: 2026.02.26.00:21:09 Error: s0: INFO: Generated file "C:\Users\dogcr\AppData\Local\Temp\alt0510_5612637766130715113.dir\0006_s0_gen\hps_software\sequencer_bsp\mem_init.mk"
Error: 2026.02.26.00:21:10 Error: fpga_interfaces: 2026.02.26.00:21:09 Error: s0: INFO: Finished generating BSP files. Total time taken = 2 seconds
Error: 2026.02.26.00:21:10 Error: fpga_interfaces: 2026.02.26.00:21:09 Error: s0: INFO: BSP files generated in "C:\Users\dogcr\AppData\Local\Temp\alt0510_5612637766130715113.dir\0006_s0_gen\hps_software\sequencer_bsp"
Error: 2026.02.26.00:21:10 Error: fpga_interfaces: 2026.02.26.00:21:09 Error: s0: /mnt/c/altera_lite/25.1std/quartus/../nios2eds/sdk2/bin
Error: 2026.02.26.00:21:10 Error: fpga_interfaces: 2026.02.26.00:21:09 Error: s0: INFO: nios2-app-generate-makefile --bsp-dir sequencer_bsp --app-dir sequencer --elf-name sequencer.elf --set OBJDUMP_INCLUDE_SOURCE 1 --set APP_CFLAGS_DEFINED_SYMBOLS -DSTACK_POINTER=0x17ff0 --set APP_CFLAGS_OPTIMIZATION -Os --param max-inline-insns-single=1000 -fno-partial-inlining -fno-zero-initialized-in-bss --set APP_CFLAGS_WARNINGS -Winline -Wall --src-files sequencer.c sequencer.h tclrpt.c tclrpt.h sequencer_auto_ac_init.c sequencer_auto_inst_init.c
Error: 2026.02.26.00:21:10 Error: fpga_interfaces: 2026.02.26.00:21:09 Error: s0: INFO: Generating application makefile
Error: 2026.02.26.00:21:10 Error: fpga_interfaces: 2026.02.26.00:21:09 Error: s0: INFO: Generated file "C:\Users\dogcr\AppData\Local\Temp\alt0510_5612637766130715113.dir\0006_s0_gen\hps_software\sequencer\Makefile"
Error: 2026.02.26.00:21:10 Error: fpga_interfaces: 2026.02.26.00:21:09 Error: s0: INFO: Application makefile generated
Error: 2026.02.26.00:21:10 Error: fpga_interfaces: 2026.02.26.00:21:09 Error: s0: make -C sequencer_bsp clean altera_mem_if_nios2_hal_driver_ASM_LIB_SRCS=HAL/src/crt0.S  hal_C_LIB_SRCS=HAL/src/alt_main.c hal_C_LIB_SRCS+=HAL/src/alt_load.c  altera_mem_if_nios2_hal_driver_C_LIB_SRCS=HAL/src/altera_mem_if_nios2_irq.c altera_mem_if_nios2_hal_driver_C_LIB_SRCS+=HAL/src/alt_icache_flush_all.c altera_mem_if_nios2_hal_driver_C_LIB_SRCS+=HAL/src
Error: 2026.02.26.00:21:10 Error: fpga_interfaces: 2026.02.26.00:21:09 Error: s0: make[1]: Entering directory '/mnt/c/Users/dogcr/AppData/Local/Temp/alt0510_5612637766130715113.dir/0006_s0_gen/hps_software
Error: 2026.02.26.00:21:10 Error: fpga_interfaces: 2026.02.26.00:21:09 Error: s0: [BSP clean complete]
Error: 2026.02.26.00:21:10 Error: fpga_interfaces: 2026.02.26.00:21:09 Error: s0: make[1]: Leaving directory '/mnt/c/Users/dogcr/AppData/Local/Temp/alt0510_5612637766130715113.dir/0006_s0_gen/hps_software
Error: 2026.02.26.00:21:10 Error: fpga_interfaces: 2026.02.26.00:21:09 Error: s0: make -C sequencer clean all altera_mem_if_nios2_hal_driver_ASM_LIB_SRCS=HAL/src/crt0.S  hal_C_LIB_SRCS=HAL/src/alt_main.c hal_C_LIB_SRCS+=HAL/src/alt_load.c  altera_mem_if_nios2_hal_driver_C_LIB_SRCS=HAL/src/altera_mem_if_nios2_irq.c altera_mem_if_nios2_hal_driver_C_LIB_SRCS+=HAL/src/alt_icache_flush_all.c altera_mem_if_nios2_hal_driver_C_LIB_SRCS+=HAL/src
Error: 2026.02.26.00:21:10 Error: fpga_interfaces: 2026.02.26.00:21:09 Error: s0: make[1]: Entering directory '/mnt/c/Users/dogcr/AppData/Local/Temp/alt0510_5612637766130715113.dir/0006_s0_gen/hps_software
Error: 2026.02.26.00:21:10 Error: fpga_interfaces: 2026.02.26.00:21:09 Error: s0: [sequencer clean complete]
Error: 2026.02.26.00:21:10 Error: fpga_interfaces: 2026.02.26.00:21:09 Error: s0: Info: Building /mnt/c/Users/dogcr/AppData/Local/Temp/alt0510_5612637766130715113.dir/0006_s0_gen/hps_software
Error: 2026.02.26.00:21:10 Error: fpga_interfaces: 2026.02.26.00:21:09 Error: s0: make --no-print-directory -C /mnt/c/Users/dogcr/AppData/Local/Temp/alt0510_5612637766130715113.dir/0006_s0_gen/hps_software
Error: 2026.02.26.00:21:10 Error: fpga_interfaces: 2026.02.26.00:21:09 Error: s0: Compiling alt_dcache_flush_all.c...
Error: 2026.02.26.00:21:10 Error: fpga_interfaces: 2026.02.26.00:21:09 Error: s0: nios2-elf-gcc.exe -xc -MP -MMD -c  -I./HAL/inc -I. -I./drivers/inc -pipe -D__hal__ -DALT_NO_C_PLUS_PLUS -DALT_NO_CLEAN_EXIT -D'exit(a)=_exit(a)' -DALT_NO_EXIT -DALT_USE_DIRECT_DRIVERS -DALT_NO_INSTRUCTION_EMULATION -DALT_USE_SMALL_DRIVERS -DSMALL_C_LIB -DALT_SINGLE_THREADED    -Os -g -Wall  -mno-hw-div -mno-hw-div -mno-hw-mul -mno-hw-mulx -mgpopt=global   -o obj/HAL/src/alt_dcache_flush_all.o HAL/src
Error: 2026.02.26.00:21:10 Error: fpga_interfaces: 2026.02.26.00:21:09 Error: s0: make[1]: Leaving directory '/mnt/c/Users/dogcr/AppData/Local/Temp/alt0510_5612637766130715113.dir/0006_s0_gen/hps_software
Error: 2026.02.26.00:21:10 Error: fpga_interfaces: 2026.02.26.00:21:09 Error: s0: child process exited abnormally
Error: 2026.02.26.00:21:10 Error: fpga_interfaces: 2026.02.26.00:21:10 Error: s0: add_fileset_file: No such file C:/Users/dogcr/AppData/Local/Temp/alt0510_5612637766130715113.dir/0006_s0_gen
Error: 2026.02.26.00:21:10 Error: fpga_interfaces: while executing
Error: 2026.02.26.00:21:10 Error: fpga_interfaces: "add_fileset_file $file_name [::alt_mem_if::util::hwtcl_utils::get_file_type $file_name 0] PATH $file_pathname"
Error: 2026.02.26.00:21:10 Error: fpga_interfaces: ("foreach" body line 4)
Error: 2026.02.26.00:21:10 Error: fpga_interfaces: invoked from within
Error: 2026.02.26.00:21:10 Error: fpga_interfaces: "foreach file_pathname $return_files_sw {
Error: 2026.02.26.00:21:10 Error: fpga_interfaces:         _dprint 1 "Preparing to add $file_pathname"
Error: 2026.02.26.00:21:10 Error: fpga_interfaces:         set file_name [file tail $file_pathname]
Error: 2026.02.26.00:21:10 Error: fpga_interfaces:         add_fileset_file $..."
Error: 2026.02.26.00:21:10 Error: fpga_interfaces: (procedure "generate_sw" line 18)
Error: 2026.02.26.00:21:10 Error: fpga_interfaces: invoked from within
Error: 2026.02.26.00:21:10 Error: fpga_interfaces: "generate_sw $name $fileset"
Error: 2026.02.26.00:21:10 Error: fpga_interfaces: (procedure "generate_files" line 37)
Error: 2026.02.26.00:21:10 Error: fpga_interfaces: invoked from within
Error: 2026.02.26.00:21:10 Error: fpga_interfaces: "generate_files $name SIM_VERILOG"
Error: 2026.02.26.00:21:10 Error: fpga_interfaces: (procedure "generate_verilog_sim" line 3)
Error: 2026.02.26.00:21:10 Error: fpga_interfaces: invoked from within
Error: 2026.02.26.00:21:10 Error: fpga_interfaces: "generate_verilog_sim altera_mem_if_hhp_qseq_top"
Error: 2026.02.26.00:21:10 Error: fpga_interfaces: 2026.02.26.00:21:10 Info: s0: "hps_sdram" instantiated altera_mem_if_hhp_ddr3_qseq "s0"
Error: 2026.02.26.00:21:10 Error: fpga_interfaces: 2026.02.26.00:21:10 Error: Generation stopped, 10 or more modules remaining
Error: 2026.02.26.00:21:10 Error: fpga_interfaces: 2026.02.26.00:21:10 Info: hps_sdram: Done "hps_sdram" with 16 modules, 61 files
Info: 2026.02.26.00:21:11 Info: fpga_interfaces: "hps_0" instantiated altera_interface_generator "fpga_interfaces"
Error: 2026.02.26.00:21:11 Error: Generation stopped, 102 or more modules remaining
Info: 2026.02.26.00:21:11 Info: soc_system: Done "soc_system" with 62 modules, 115 files
Error: 2026.02.26.00:21:11 Error: qsys-generate failed with exit code 1: 205 Errors, 6 Warnings
Info: 2026.02.26.00:21:11 Info: Finished: Create simulation model
Info: 2026.02.26.00:21:11 Info: Starting: Create Modelsim Project.
Info: 2026.02.26.00:21:11 Info: sim-script-gen --spd=C:\Users\dogcr\Downloads\fpmult\DE10_NANO_SoC_GHRD\soc_system\soc_system.spd --output-directory=C:/Users/dogcr/Downloads/fpmult/DE10_NANO_SoC_GHRD/soc_system/simulation
Info: 2026.02.26.00:21:11 Info: Doing: ip-make-simscript --spd=C:\Users\dogcr\Downloads\fpmult\DE10_NANO_SoC_GHRD\soc_system\soc_system.spd --output-directory=C:/Users/dogcr/Downloads/fpmult/DE10_NANO_SoC_GHRD/soc_system/simulation
Info: 2026.02.26.00:21:11 Info: Generating the following file(s) for RIVIERA simulator in C:/Users/dogcr/Downloads/fpmult/DE10_NANO_SoC_GHRD/soc_system/simulation
Info: 2026.02.26.00:21:11 Info:     aldec
Info: 2026.02.26.00:21:11 Info: Generating the following file(s) for MODELSIM simulator in C:/Users/dogcr/Downloads/fpmult/DE10_NANO_SoC_GHRD/soc_system/simulation
Info: 2026.02.26.00:21:11 Info:     mentor
Info: 2026.02.26.00:21:11 Info: For information on how to simulate your IP, see the explanatory comments in the simulator-specific subdirectories under C:/Users/dogcr/Downloads/fpmult/DE10_NANO_SoC_GHRD/soc_system/simulation
Info: 2026.02.26.00:21:11 Info: Regenerate these scripts whenever you make any change to any Quartus-generated IP in your project.
Info: 2026.02.26.00:21:11 Info: Finished: Create Modelsim Project.
Info: 2026.02.26.00:21:11 Info: Starting: Create block symbol file (.bsf)
Info: 2026.02.26.00:21:11 Info: qsys-generate C:\Users\dogcr\Downloads\fpmult\DE10_NANO_SoC_GHRD\soc_system.qsys --block-symbol-file --output-directory=C:\Users\dogcr\Downloads\fpmult\DE10_NANO_SoC_GHRD\soc_system --family="Cyclone V" --part=5CSEBA6U23I7
Info: 2026.02.26.00:21:11 Info: Loading DE10_NANO_SoC_GHRD
Info: 2026.02.26.00:21:12 Info: Reading input file
Info: 2026.02.26.00:21:12 Info: Adding ILC [interrupt_latency_counter 25.1]
Info: 2026.02.26.00:21:12 Info: Parameterizing module ILC
Info: 2026.02.26.00:21:12 Info: Adding button_pio [altera_avalon_pio 25.1]
Info: 2026.02.26.00:21:12 Info: Parameterizing module button_pio
Info: 2026.02.26.00:21:12 Info: Adding clk_0 [clock_source 25.1]
Info: 2026.02.26.00:21:12 Info: Parameterizing module clk_0
Info: 2026.02.26.00:21:12 Info: Adding dipsw_pio [altera_avalon_pio 25.1]
Info: 2026.02.26.00:21:12 Info: Parameterizing module dipsw_pio
Info: 2026.02.26.00:21:12 Info: Adding f2sdram_only_master [altera_jtag_avalon_master 25.1]
Info: 2026.02.26.00:21:12 Info: Parameterizing module f2sdram_only_master
Info: 2026.02.26.00:21:12 Info: Adding fpga_only_master [altera_jtag_avalon_master 25.1]
Info: 2026.02.26.00:21:12 Info: Parameterizing module fpga_only_master
Info: 2026.02.26.00:21:12 Info: Adding hps_0 [altera_hps 25.1]
Info: 2026.02.26.00:21:12 Info: Parameterizing module hps_0
Info: 2026.02.26.00:21:12 Info: Adding hps_only_master [altera_jtag_avalon_master 25.1]
Info: 2026.02.26.00:21:12 Info: Parameterizing module hps_only_master
Info: 2026.02.26.00:21:12 Info: Adding jtag_uart [altera_avalon_jtag_uart 25.1]
Info: 2026.02.26.00:21:12 Info: Parameterizing module jtag_uart
Info: 2026.02.26.00:21:12 Info: Adding led_pio [altera_avalon_pio 25.1]
Info: 2026.02.26.00:21:12 Info: Parameterizing module led_pio
Info: 2026.02.26.00:21:12 Info: Adding mm_bridge_0 [altera_avalon_mm_bridge 25.1]
Info: 2026.02.26.00:21:12 Info: Parameterizing module mm_bridge_0
Info: 2026.02.26.00:21:12 Info: Adding sysid_qsys [altera_avalon_sysid_qsys 25.1]
Info: 2026.02.26.00:21:12 Info: Parameterizing module sysid_qsys
Info: 2026.02.26.00:21:12 Info: Building connections
Info: 2026.02.26.00:21:12 Info: Parameterizing connections
Info: 2026.02.26.00:21:12 Info: Validating
Info: 2026.02.26.00:21:19 Info: Done reading input file
Info: 2026.02.26.00:21:23 Info: soc_system.button_pio: PIO inputs are not hardwired in test bench. Undefined values will be read from PIO inputs during simulation.
Info: 2026.02.26.00:21:23 Info: soc_system.dipsw_pio: PIO inputs are not hardwired in test bench. Undefined values will be read from PIO inputs during simulation.
Info: 2026.02.26.00:21:23 Info: soc_system.hps_0: HPS Main PLL counter settings: n = 0  m = 63
Info: 2026.02.26.00:21:23 Info: soc_system.hps_0: HPS peripherial PLL counter settings: n = 0  m = 39
Warning: 2026.02.26.00:21:23 Warning: soc_system.hps_0: HPS model no longer supports simulation for HPS FPGA Bridges.
Info: 2026.02.26.00:21:23 Info: soc_system.jtag_uart: JTAG UART IP input clock need to be at least double (2x) the operating frequency of JTAG TCK on board
Info: 2026.02.26.00:21:23 Info: soc_system.sysid_qsys: System ID is not assigned automatically. Edit the System ID parameter to provide a unique ID
2026.02.26.00:21:23 Info: soc_system.sysid_qsys: Time stamp will be automatically updated when this component is generated.
Info: 2026.02.26.00:21:23 Info: qsys-generate succeeded.
Info: 2026.02.26.00:21:23 Info: Finished: Create block symbol file (.bsf)
Info: 2026.02.26.00:21:23 Info:
Info: 2026.02.26.00:21:23 Info: Starting: Create HDL design files for synthesis
Info: 2026.02.26.00:21:23 Info: qsys-generate C:\Users\dogcr\Downloads\fpmult\DE10_NANO_SoC_GHRD\soc_system.qsys --synthesis=VERILOG --output-directory=C:\Users\dogcr\Downloads\fpmult\DE10_NANO_SoC_GHRD\soc_system\synthesis --family="Cyclone V" --part=5CSEBA6U23I7
Info: 2026.02.26.00:21:23 Info: Loading DE10_NANO_SoC_GHRD
Info: 2026.02.26.00:21:23 Info: Reading input file
Info: 2026.02.26.00:21:23 Info: Adding ILC [interrupt_latency_counter 25.1]
Info: 2026.02.26.00:21:23 Info: Parameterizing module ILC
Info: 2026.02.26.00:21:23 Info: Adding button_pio [altera_avalon_pio 25.1]
Info: 2026.02.26.00:21:23 Info: Parameterizing module button_pio
Info: 2026.02.26.00:21:23 Info: Adding clk_0 [clock_source 25.1]
Info: 2026.02.26.00:21:23 Info: Parameterizing module clk_0
Info: 2026.02.26.00:21:23 Info: Adding dipsw_pio [altera_avalon_pio 25.1]
Info: 2026.02.26.00:21:23 Info: Parameterizing module dipsw_pio
Info: 2026.02.26.00:21:23 Info: Adding f2sdram_only_master [altera_jtag_avalon_master 25.1]
Info: 2026.02.26.00:21:23 Info: Parameterizing module f2sdram_only_master
Info: 2026.02.26.00:21:23 Info: Adding fpga_only_master [altera_jtag_avalon_master 25.1]
Info: 2026.02.26.00:21:23 Info: Parameterizing module fpga_only_master
Info: 2026.02.26.00:21:23 Info: Adding hps_0 [altera_hps 25.1]
Info: 2026.02.26.00:21:23 Info: Parameterizing module hps_0
Info: 2026.02.26.00:21:23 Info: Adding hps_only_master [altera_jtag_avalon_master 25.1]
Info: 2026.02.26.00:21:23 Info: Parameterizing module hps_only_master
Info: 2026.02.26.00:21:23 Info: Adding jtag_uart [altera_avalon_jtag_uart 25.1]
Info: 2026.02.26.00:21:23 Info: Parameterizing module jtag_uart
Info: 2026.02.26.00:21:23 Info: Adding led_pio [altera_avalon_pio 25.1]
Info: 2026.02.26.00:21:23 Info: Parameterizing module led_pio
Info: 2026.02.26.00:21:23 Info: Adding mm_bridge_0 [altera_avalon_mm_bridge 25.1]
Info: 2026.02.26.00:21:23 Info: Parameterizing module mm_bridge_0
Info: 2026.02.26.00:21:23 Info: Adding sysid_qsys [altera_avalon_sysid_qsys 25.1]
Info: 2026.02.26.00:21:23 Info: Parameterizing module sysid_qsys
Info: 2026.02.26.00:21:23 Info: Building connections
Info: 2026.02.26.00:21:23 Info: Parameterizing connections
Info: 2026.02.26.00:21:23 Info: Validating
Info: 2026.02.26.00:21:30 Info: Done reading input file
Info: 2026.02.26.00:21:33 Info: soc_system.button_pio: PIO inputs are not hardwired in test bench. Undefined values will be read from PIO inputs during simulation.
Info: 2026.02.26.00:21:33 Info: soc_system.dipsw_pio: PIO inputs are not hardwired in test bench. Undefined values will be read from PIO inputs during simulation.
Info: 2026.02.26.00:21:33 Info: soc_system.hps_0: HPS Main PLL counter settings: n = 0  m = 63
Info: 2026.02.26.00:21:33 Info: soc_system.hps_0: HPS peripherial PLL counter settings: n = 0  m = 39
Warning: 2026.02.26.00:21:33 Warning: soc_system.hps_0: HPS model no longer supports simulation for HPS FPGA Bridges.
Info: 2026.02.26.00:21:33 Info: soc_system.jtag_uart: JTAG UART IP input clock need to be at least double (2x) the operating frequency of JTAG TCK on board
Info: 2026.02.26.00:21:33 Info: soc_system.sysid_qsys: System ID is not assigned automatically. Edit the System ID parameter to provide a unique ID
Info: 2026.02.26.00:21:33 Info: soc_system.sysid_qsys: Time stamp will be automatically updated when this component is generated.
Info: 2026.02.26.00:21:34 Info: soc_system: Generating "soc_system" for QUARTUS_SYNTH
Info: 2026.02.26.00:21:39 Info: Interconnect is inserted between master hps_0.h2f_lw_axi_master and slave mm_bridge_0.s0 because the master is of type axi and the slave is of type avalon.
Info: 2026.02.26.00:21:42 Info: Interconnect is inserted between master hps_only_master.master and slave hps_0.f2h_axi_slave because the master is of type avalon and the slave is of type axi.
Info: 2026.02.26.00:21:43 Info: Interconnect is inserted between master f2sdram_only_master.master and slave hps_0.f2h_sdram0_data because the master has address signal 32 bit wide, but the slave is 27 bit wide.
Info: 2026.02.26.00:21:43 Info: Interconnect is inserted between master f2sdram_only_master.master and slave hps_0.f2h_sdram0_data because the master has readdata signal 32 bit wide, but the slave is 256 bit wide.
Info: 2026.02.26.00:21:43 Info: Interconnect is inserted between master f2sdram_only_master.master and slave hps_0.f2h_sdram0_data because the master has writedata signal 32 bit wide, but the slave is 256 bit wide.
2026.02.26.00:21:43 Info: Interconnect is inserted between master f2sdram_only_master.master and slave hps_0.f2h_sdram0_data because the master has byteenable signal 4 bit wide, but the slave is 32 bit wide.
Warning: 2026.02.26.00:21:43 Warning: hps_0.f2h_irq0: Cannot connect clock for irq_mapper_001.sender
Warning: 2026.02.26.00:21:43 Warning: hps_0.f2h_irq0: Cannot connect reset for irq_mapper_001.sender
Warning: 2026.02.26.00:21:43 Warning: hps_0.f2h_irq1: Cannot connect clock for irq_mapper_002.sender
Warning: 2026.02.26.00:21:43 Warning: hps_0.f2h_irq1: Cannot connect reset for irq_mapper_002.sender
Info: 2026.02.26.00:21:50 Info: ILC: "soc_system" instantiated interrupt_latency_counter "ILC"
Info: 2026.02.26.00:21:50 Info: button_pio: Starting RTL generation for module 'soc_system_button_pio'
Info: 2026.02.26.00:21:50 Info: button_pio: Done RTL generation for module 'soc_system_button_pio'
Info: 2026.02.26.00:21:50 Info: button_pio: "soc_system" instantiated altera_avalon_pio "button_pio"
Info: 2026.02.26.00:21:50 Info: dipsw_pio: Starting RTL generation for module 'soc_system_dipsw_pio'
Info: 2026.02.26.00:21:50 Info: dipsw_pio: Done RTL generation for module 'soc_system_dipsw_pio'
Info: 2026.02.26.00:21:50 Info: dipsw_pio: "soc_system" instantiated altera_avalon_pio "dipsw_pio"
Info: 2026.02.26.00:21:51 Info: f2sdram_only_master: "soc_system" instantiated altera_jtag_avalon_master "f2sdram_only_master"
Info: 2026.02.26.00:21:51 Info: hps_0: "Running  for module: hps_0"
Info: 2026.02.26.00:21:52 Info: hps_0: HPS Main PLL counter settings: n = 0  m = 63
Info: 2026.02.26.00:21:52 Info: hps_0: HPS peripherial PLL counter settings: n = 0  m = 39
Warning: 2026.02.26.00:21:52 Warning: hps_0: HPS model no longer supports simulation for HPS FPGA Bridges.
Info: 2026.02.26.00:21:54 Info: hps_0: "soc_system" instantiated altera_hps "hps_0"
Info: 2026.02.26.00:21:54 Info: jtag_uart: "soc_system" instantiated altera_avalon_jtag_uart "jtag_uart"
Info: 2026.02.26.00:21:54 Info: led_pio: Starting RTL generation for module 'soc_system_led_pio'
Info: 2026.02.26.00:21:54 Info: led_pio: Done RTL generation for module 'soc_system_led_pio'
Info: 2026.02.26.00:21:54 Info: led_pio: "soc_system" instantiated altera_avalon_pio "led_pio"
Info: 2026.02.26.00:21:54 Info: mm_bridge_0: "soc_system" instantiated altera_avalon_mm_bridge "mm_bridge_0"
Info: 2026.02.26.00:21:54 Info: sysid_qsys: "soc_system" instantiated altera_avalon_sysid_qsys "sysid_qsys"
Info: 2026.02.26.00:21:56 Info: avalon_st_adapter: Inserting error_adapter: error_adapter_0
Info: 2026.02.26.00:21:56 Info: mm_interconnect_0: "soc_system" instantiated altera_mm_interconnect "mm_interconnect_0"
Info: 2026.02.26.00:22:01 Info: avalon_st_adapter: Inserting error_adapter: error_adapter_0
Info: 2026.02.26.00:22:01 Info: avalon_st_adapter_001: Inserting error_adapter: error_adapter_0
Info: 2026.02.26.00:22:02 Info: avalon_st_adapter_002: Inserting error_adapter: error_adapter_0
Info: 2026.02.26.00:22:02 Info: avalon_st_adapter_003: Inserting error_adapter: error_adapter_0
Info: 2026.02.26.00:22:03 Info: avalon_st_adapter_004: Inserting error_adapter: error_adapter_0
Info: 2026.02.26.00:22:03 Info: avalon_st_adapter_005: Inserting error_adapter: error_adapter_0
Info: 2026.02.26.00:22:07 Info: mm_interconnect_1: "soc_system" instantiated altera_mm_interconnect "mm_interconnect_1"
Info: 2026.02.26.00:22:09 Info: mm_interconnect_2: "soc_system" instantiated altera_mm_interconnect "mm_interconnect_2"
Info: 2026.02.26.00:22:11 Info: avalon_st_adapter: Inserting error_adapter: error_adapter_0
Info: 2026.02.26.00:22:12 Info: mm_interconnect_3: "soc_system" instantiated altera_mm_interconnect "mm_interconnect_3"
Info: 2026.02.26.00:22:12 Info: irq_mapper: "soc_system" instantiated altera_irq_mapper "irq_mapper"
Info: 2026.02.26.00:22:12 Info: irq_mapper_001: "soc_system" instantiated altera_irq_mapper "irq_mapper_001"
Info: 2026.02.26.00:22:12 Info: irq_mapper_002: "soc_system" instantiated altera_irq_mapper "irq_mapper_002"
Info: 2026.02.26.00:22:12 Info: rst_controller: "soc_system" instantiated altera_reset_controller "rst_controller"
Info: 2026.02.26.00:22:12 Info: jtag_phy_embedded_in_jtag_master: "f2sdram_only_master" instantiated altera_jtag_dc_streaming "jtag_phy_embedded_in_jtag_master"
Info: 2026.02.26.00:22:12 Info: timing_adt: "f2sdram_only_master" instantiated timing_adapter "timing_adt"
Info: 2026.02.26.00:22:12 Info: fifo: "f2sdram_only_master" instantiated altera_avalon_sc_fifo "fifo"
Info: 2026.02.26.00:22:12 Info: b2p: "f2sdram_only_master" instantiated altera_avalon_st_bytes_to_packets "b2p"
Info: 2026.02.26.00:22:12 Info: p2b: "f2sdram_only_master" instantiated altera_avalon_st_packets_to_bytes "p2b"
Info: 2026.02.26.00:22:12 Info: transacto: "f2sdram_only_master" instantiated altera_avalon_packets_to_master "transacto"
Info: 2026.02.26.00:22:12 Info: b2p_adapter: "f2sdram_only_master" instantiated channel_adapter "b2p_adapter"
Info: 2026.02.26.00:22:12 Info: p2b_adapter: "f2sdram_only_master" instantiated channel_adapter "p2b_adapter"
Info: 2026.02.26.00:22:12 Info: fpga_interfaces: "hps_0" instantiated altera_interface_generator "fpga_interfaces"
Info: 2026.02.26.00:22:13 Info: hps_io: "hps_0" instantiated altera_hps_io "hps_io"
Info: 2026.02.26.00:22:13 Info: mm_bridge_0_s0_translator: "mm_interconnect_0" instantiated altera_merlin_slave_translator "mm_bridge_0_s0_translator"
Info: 2026.02.26.00:22:13 Info: hps_0_h2f_lw_axi_master_agent: "mm_interconnect_0" instantiated altera_merlin_axi_master_ni "hps_0_h2f_lw_axi_master_agent"
Info: 2026.02.26.00:22:13 Info: mm_bridge_0_s0_agent: "mm_interconnect_0" instantiated altera_merlin_slave_agent "mm_bridge_0_s0_agent"
Info: 2026.02.26.00:22:13 Info: router: "mm_interconnect_0" instantiated altera_merlin_router "router"
Info: 2026.02.26.00:22:13 Info: router_002: "mm_interconnect_0" instantiated altera_merlin_router "router_002"
Info: 2026.02.26.00:22:13 Info: mm_bridge_0_s0_burst_adapter: "mm_interconnect_0" instantiated altera_merlin_burst_adapter "mm_bridge_0_s0_burst_adapter"
Info: 2026.02.26.00:22:13 Info: Reusing file C:/Users/dogcr/Downloads/fpmult/DE10_NANO_SoC_GHRD/soc_system/synthesis/submodules
Info: 2026.02.26.00:22:13 Info: Reusing file C:/Users/dogcr/Downloads/fpmult/DE10_NANO_SoC_GHRD/soc_system/synthesis/submodules
Info: 2026.02.26.00:22:13 Info: Reusing file C:/Users/dogcr/Downloads/fpmult/DE10_NANO_SoC_GHRD/soc_system/synthesis/submodules
Info: 2026.02.26.00:22:13 Info: cmd_demux: "mm_interconnect_0" instantiated altera_merlin_demultiplexer "cmd_demux"
Info: 2026.02.26.00:22:13 Info: cmd_mux: "mm_interconnect_0" instantiated altera_merlin_multiplexer "cmd_mux"
Info: 2026.02.26.00:22:13 Info: rsp_demux: "mm_interconnect_0" instantiated altera_merlin_demultiplexer "rsp_demux"
Info: 2026.02.26.00:22:13 Info: rsp_mux: "mm_interconnect_0" instantiated altera_merlin_multiplexer "rsp_mux"
Info: 2026.02.26.00:22:13 Info: Reusing file C:/Users/dogcr/Downloads/fpmult/DE10_NANO_SoC_GHRD/soc_system/synthesis/submodules
Info: 2026.02.26.00:22:14 Info: avalon_st_adapter: "mm_interconnect_0" instantiated altera_avalon_st_adapter "avalon_st_adapter"
Info: 2026.02.26.00:22:14 Info: mm_bridge_0_m0_translator: "mm_interconnect_1" instantiated altera_merlin_master_translator "mm_bridge_0_m0_translator"
Info: 2026.02.26.00:22:14 Info: mm_bridge_0_m0_agent: "mm_interconnect_1" instantiated altera_merlin_master_agent "mm_bridge_0_m0_agent"
Info: 2026.02.26.00:22:14 Info: router: "mm_interconnect_1" instantiated altera_merlin_router "router"
Info: 2026.02.26.00:22:14 Info: router_002: "mm_interconnect_1" instantiated altera_merlin_router "router_002"
Info: 2026.02.26.00:22:14 Info: mm_bridge_0_m0_limiter: "mm_interconnect_1" instantiated altera_merlin_traffic_limiter "mm_bridge_0_m0_limiter"
Info: 2026.02.26.00:22:14 Info: Reusing file C:/Users/dogcr/Downloads/fpmult/DE10_NANO_SoC_GHRD/soc_system/synthesis/submodules
Info: 2026.02.26.00:22:14 Info: Reusing file C:/Users/dogcr/Downloads/fpmult/DE10_NANO_SoC_GHRD/soc_system/synthesis/submodules
Info: 2026.02.26.00:22:14 Info: cmd_demux: "mm_interconnect_1" instantiated altera_merlin_demultiplexer "cmd_demux"
Info: 2026.02.26.00:22:14 Info: cmd_mux: "mm_interconnect_1" instantiated altera_merlin_multiplexer "cmd_mux"
Info: 2026.02.26.00:22:14 Info: Reusing file C:/Users/dogcr/Downloads/fpmult/DE10_NANO_SoC_GHRD/soc_system/synthesis/submodules
Info: 2026.02.26.00:22:14 Info: rsp_demux: "mm_interconnect_1" instantiated altera_merlin_demultiplexer "rsp_demux"
Info: 2026.02.26.00:22:14 Info: rsp_mux: "mm_interconnect_1" instantiated altera_merlin_multiplexer "rsp_mux"
Info: 2026.02.26.00:22:14 Info: Reusing file C:/Users/dogcr/Downloads/fpmult/DE10_NANO_SoC_GHRD/soc_system/synthesis/submodules
Info: 2026.02.26.00:22:14 Info: hps_0_f2h_axi_slave_agent: "mm_interconnect_2" instantiated altera_merlin_axi_slave_ni "hps_0_f2h_axi_slave_agent"
Info: 2026.02.26.00:22:14 Info: Reusing file C:/Users/dogcr/Downloads/fpmult/DE10_NANO_SoC_GHRD/soc_system/synthesis/submodules
Info: 2026.02.26.00:22:14 Info: Reusing file C:/Users/dogcr/Downloads/fpmult/DE10_NANO_SoC_GHRD/soc_system/synthesis/submodules
Info: 2026.02.26.00:22:14 Info: Reusing file C:/Users/dogcr/Downloads/fpmult/DE10_NANO_SoC_GHRD/soc_system/synthesis/submodules
Info: 2026.02.26.00:22:14 Info: router: "mm_interconnect_2" instantiated altera_merlin_router "router"
Info: 2026.02.26.00:22:14 Info: router_001: "mm_interconnect_2" instantiated altera_merlin_router "router_001"
Info: 2026.02.26.00:22:14 Info: cmd_demux: "mm_interconnect_2" instantiated altera_merlin_demultiplexer "cmd_demux"
Info: 2026.02.26.00:22:14 Info: cmd_mux: "mm_interconnect_2" instantiated altera_merlin_multiplexer "cmd_mux"
Info: 2026.02.26.00:22:14 Info: Reusing file C:/Users/dogcr/Downloads/fpmult/DE10_NANO_SoC_GHRD/soc_system/synthesis/submodules
Info: 2026.02.26.00:22:14 Info: rsp_demux: "mm_interconnect_2" instantiated altera_merlin_demultiplexer "rsp_demux"
Info: 2026.02.26.00:22:14 Info: rsp_mux: "mm_interconnect_2" instantiated altera_merlin_multiplexer "rsp_mux"
Info: 2026.02.26.00:22:14 Info: Reusing file C:/Users/dogcr/Downloads/fpmult/DE10_NANO_SoC_GHRD/soc_system/synthesis/submodules
Info: 2026.02.26.00:22:14 Info: hps_0_f2h_axi_slave_wr_cmd_width_adapter: "mm_interconnect_2" instantiated altera_merlin_width_adapter "hps_0_f2h_axi_slave_wr_cmd_width_adapter"
Info: 2026.02.26.00:22:14 Info: Reusing file C:/Users/dogcr/Downloads/fpmult/DE10_NANO_SoC_GHRD/soc_system/synthesis/submodules
Info: 2026.02.26.00:22:14 Info: Reusing file C:/Users/dogcr/Downloads/fpmult/DE10_NANO_SoC_GHRD/soc_system/synthesis/submodules
Info: 2026.02.26.00:22:14 Info: router: "mm_interconnect_3" instantiated altera_merlin_router "router"
Info: 2026.02.26.00:22:14 Info: router_001: "mm_interconnect_3" instantiated altera_merlin_router "router_001"
Info: 2026.02.26.00:22:14 Info: cmd_demux: "mm_interconnect_3" instantiated altera_merlin_demultiplexer "cmd_demux"
Info: 2026.02.26.00:22:14 Info: cmd_mux: "mm_interconnect_3" instantiated altera_merlin_multiplexer "cmd_mux"
Info: 2026.02.26.00:22:14 Info: Reusing file C:/Users/dogcr/Downloads/fpmult/DE10_NANO_SoC_GHRD/soc_system/synthesis/submodules
Info: 2026.02.26.00:22:14 Info: rsp_mux: "mm_interconnect_3" instantiated altera_merlin_multiplexer "rsp_mux"
Info: 2026.02.26.00:22:14 Info: Reusing file C:/Users/dogcr/Downloads/fpmult/DE10_NANO_SoC_GHRD/soc_system/synthesis/submodules
Info: 2026.02.26.00:22:15 Info: avalon_st_adapter: "mm_interconnect_3" instantiated altera_avalon_st_adapter "avalon_st_adapter"
Info: 2026.02.26.00:22:30 Info: border: "hps_io" instantiated altera_interface_generator "border"
Info: 2026.02.26.00:22:30 Info: error_adapter_0: "avalon_st_adapter" instantiated error_adapter "error_adapter_0"
Info: 2026.02.26.00:22:30 Info: error_adapter_0: "avalon_st_adapter" instantiated error_adapter "error_adapter_0"
Info: 2026.02.26.00:22:30 Info: soc_system: Done "soc_system" with 65 modules, 138 files
Info: 2026.02.26.00:22:30 Info: qsys-generate succeeded.
Info: 2026.02.26.00:22:30 Info: Finished: Create HDL design files for synthesis
Info (11904): Restoring file "soc_system.BAK.qsys" to "soc_system.qsys"
Error (14923): Error upgrading Platform Designer file "soc_system.qsys"
Info (11131): Completed upgrading IP component In-System Sources and Probes with file "ip/altsource_probe/hps_reset.v"
Error (11890): Unable to automatically upgrade Platform Designer component. Please manually upgrade "soc_system.qsys" in Platform Designer
Error (23031): Evaluation of Tcl script c:/altera_lite/25.1std/quartus/common/tcl/internal/ip_regen/ip_regen.tcl unsuccessful
Error: Quartus Prime Shell was unsuccessful. 201 errors, 21 warnings
    Error: Peak virtual memory: 4900 megabytes
    Error: Processing ended: Thu Feb 26 00:22:41 2026
    Error: Elapsed time: 00:03:25
    Error: Total CPU time (on all processors): 00:04:38


